2025/05/08 17:12:39 [emerg] 1#1: host not found in upstream "api" in /etc/nginx/conf.d/default.conf:12
2025/05/08 17:12:39 [emerg] 1#1: host not found in upstream "api" in /etc/nginx/conf.d/default.conf:12
2025/05/08 17:12:40 [emerg] 1#1: host not found in upstream "api" in /etc/nginx/conf.d/default.conf:12
2025/05/08 17:12:40 [emerg] 1#1: host not found in upstream "api" in /etc/nginx/conf.d/default.conf:12
2025/05/08 17:12:41 [emerg] 1#1: host not found in upstream "api" in /etc/nginx/conf.d/default.conf:12
2025/05/08 17:12:43 [emerg] 1#1: host not found in upstream "api" in /etc/nginx/conf.d/default.conf:12
2025/05/08 17:12:46 [emerg] 1#1: host not found in upstream "api" in /etc/nginx/conf.d/default.conf:12
2025/05/08 17:15:51 [notice] 1#1: using the "epoll" event method
2025/05/08 17:15:51 [notice] 1#1: nginx/1.27.5
2025/05/08 17:15:51 [notice] 1#1: built by gcc 12.2.0 (Debian 12.2.0-14) 
2025/05/08 17:15:51 [notice] 1#1: OS: Linux 6.12.10-76061203-generic
2025/05/08 17:15:51 [notice] 1#1: getrlimit(RLIMIT_NOFILE): 1048576:1048576
2025/05/08 17:15:51 [notice] 1#1: start worker processes
2025/05/08 17:15:51 [notice] 1#1: start worker process 28
2025/05/08 17:15:51 [notice] 1#1: start worker process 29
2025/05/08 17:15:51 [notice] 1#1: start worker process 30
2025/05/08 17:15:51 [notice] 1#1: start worker process 31
2025/05/08 17:15:51 [notice] 1#1: start worker process 32
2025/05/08 17:15:51 [notice] 1#1: start worker process 33
2025/05/08 17:15:51 [notice] 1#1: start worker process 34
2025/05/08 17:15:51 [notice] 1#1: start worker process 35
2025/05/08 17:15:51 [notice] 1#1: start worker process 36
2025/05/08 17:15:51 [notice] 1#1: start worker process 37
2025/05/08 17:15:51 [notice] 1#1: start worker process 38
2025/05/08 17:15:51 [notice] 1#1: start worker process 39
2025/05/08 17:15:51 [notice] 1#1: start worker process 40
2025/05/08 17:15:51 [notice] 1#1: start worker process 41
2025/05/08 17:15:51 [notice] 1#1: start worker process 42
2025/05/08 17:15:51 [notice] 1#1: start worker process 43
2025/05/08 17:16:00 [notice] 1#1: signal 3 (SIGQUIT) received, shutting down
2025/05/08 17:16:00 [notice] 28#28: gracefully shutting down
2025/05/08 17:16:00 [notice] 29#29: gracefully shutting down
2025/05/08 17:16:00 [notice] 30#30: gracefully shutting down
2025/05/08 17:16:00 [notice] 31#31: gracefully shutting down
2025/05/08 17:16:00 [notice] 28#28: exiting
2025/05/08 17:16:00 [notice] 33#33: gracefully shutting down
2025/05/08 17:16:00 [notice] 32#32: gracefully shutting down
2025/05/08 17:16:00 [notice] 34#34: gracefully shutting down
2025/05/08 17:16:00 [notice] 29#29: exiting
2025/05/08 17:16:00 [notice] 35#35: gracefully shutting down
2025/05/08 17:16:00 [notice] 30#30: exiting
2025/05/08 17:16:00 [notice] 31#31: exiting
2025/05/08 17:16:00 [notice] 36#36: gracefully shutting down
2025/05/08 17:16:00 [notice] 37#37: gracefully shutting down
2025/05/08 17:16:00 [notice] 38#38: gracefully shutting down
2025/05/08 17:16:00 [notice] 33#33: exiting
2025/05/08 17:16:00 [notice] 39#39: gracefully shutting down
2025/05/08 17:16:00 [notice] 40#40: gracefully shutting down
2025/05/08 17:16:00 [notice] 32#32: exiting
2025/05/08 17:16:00 [notice] 34#34: exiting
2025/05/08 17:16:00 [notice] 35#35: exiting
2025/05/08 17:16:00 [notice] 41#41: gracefully shutting down
2025/05/08 17:16:00 [notice] 36#36: exiting
2025/05/08 17:16:00 [notice] 37#37: exiting
2025/05/08 17:16:00 [notice] 28#28: exit
2025/05/08 17:16:00 [notice] 38#38: exiting
2025/05/08 17:16:00 [notice] 29#29: exit
2025/05/08 17:16:00 [notice] 39#39: exiting
2025/05/08 17:16:00 [notice] 40#40: exiting
2025/05/08 17:16:00 [notice] 31#31: exit
2025/05/08 17:16:00 [notice] 41#41: exiting
2025/05/08 17:16:00 [notice] 30#30: exit
2025/05/08 17:16:00 [notice] 33#33: exit
2025/05/08 17:16:00 [notice] 34#34: exit
2025/05/08 17:16:00 [notice] 32#32: exit
2025/05/08 17:16:00 [notice] 35#35: exit
2025/05/08 17:16:00 [notice] 37#37: exit
2025/05/08 17:16:00 [notice] 38#38: exit
2025/05/08 17:16:00 [notice] 36#36: exit
2025/05/08 17:16:00 [notice] 40#40: exit
2025/05/08 17:16:00 [notice] 39#39: exit
2025/05/08 17:16:00 [notice] 41#41: exit
2025/05/08 17:16:00 [notice] 43#43: gracefully shutting down
2025/05/08 17:16:00 [notice] 43#43: exiting
2025/05/08 17:16:00 [notice] 43#43: exit
2025/05/08 17:16:00 [notice] 42#42: gracefully shutting down
2025/05/08 17:16:00 [notice] 42#42: exiting
2025/05/08 17:16:00 [notice] 42#42: exit
2025/05/08 17:16:00 [notice] 1#1: signal 17 (SIGCHLD) received from 32
2025/05/08 17:16:00 [notice] 1#1: worker process 32 exited with code 0
2025/05/08 17:16:00 [notice] 1#1: signal 29 (SIGIO) received
2025/05/08 17:16:00 [notice] 1#1: signal 17 (SIGCHLD) received from 34
2025/05/08 17:16:00 [notice] 1#1: worker process 34 exited with code 0
2025/05/08 17:16:00 [notice] 1#1: worker process 30 exited with code 0
2025/05/08 17:16:00 [notice] 1#1: signal 29 (SIGIO) received
2025/05/08 17:16:00 [notice] 1#1: signal 17 (SIGCHLD) received from 30
2025/05/08 17:16:00 [notice] 1#1: signal 17 (SIGCHLD) received from 37
2025/05/08 17:16:00 [notice] 1#1: worker process 37 exited with code 0
2025/05/08 17:16:00 [notice] 1#1: worker process 42 exited with code 0
2025/05/08 17:16:00 [notice] 1#1: signal 29 (SIGIO) received
2025/05/08 17:16:00 [notice] 1#1: signal 17 (SIGCHLD) received from 42
2025/05/08 17:16:00 [notice] 1#1: signal 17 (SIGCHLD) received from 41
2025/05/08 17:16:00 [notice] 1#1: worker process 41 exited with code 0
2025/05/08 17:16:00 [notice] 1#1: signal 29 (SIGIO) received
2025/05/08 17:16:00 [notice] 1#1: signal 17 (SIGCHLD) received from 33
2025/05/08 17:16:00 [notice] 1#1: worker process 33 exited with code 0
2025/05/08 17:16:00 [notice] 1#1: worker process 36 exited with code 0
2025/05/08 17:16:00 [notice] 1#1: signal 29 (SIGIO) received
2025/05/08 17:16:00 [notice] 1#1: signal 17 (SIGCHLD) received from 36
2025/05/08 17:16:00 [notice] 1#1: signal 17 (SIGCHLD) received from 38
2025/05/08 17:16:00 [notice] 1#1: worker process 38 exited with code 0
2025/05/08 17:16:00 [notice] 1#1: signal 29 (SIGIO) received
2025/05/08 17:16:00 [notice] 1#1: signal 17 (SIGCHLD) received from 35
2025/05/08 17:16:00 [notice] 1#1: worker process 31 exited with code 0
2025/05/08 17:16:00 [notice] 1#1: worker process 35 exited with code 0
2025/05/08 17:16:00 [notice] 1#1: signal 29 (SIGIO) received
2025/05/08 17:16:00 [notice] 1#1: signal 17 (SIGCHLD) received from 39
2025/05/08 17:16:00 [notice] 1#1: worker process 39 exited with code 0
2025/05/08 17:16:00 [notice] 1#1: signal 29 (SIGIO) received
2025/05/08 17:16:00 [notice] 1#1: signal 17 (SIGCHLD) received from 28
2025/05/08 17:16:00 [notice] 1#1: worker process 28 exited with code 0
2025/05/08 17:16:00 [notice] 1#1: worker process 40 exited with code 0
2025/05/08 17:16:00 [notice] 1#1: worker process 43 exited with code 0
2025/05/08 17:16:00 [notice] 1#1: worker process 29 exited with code 0
2025/05/08 17:16:00 [notice] 1#1: exit
2025/05/08 17:18:37 [notice] 1#1: using the "epoll" event method
2025/05/08 17:18:37 [notice] 1#1: nginx/1.27.5
2025/05/08 17:18:37 [notice] 1#1: built by gcc 12.2.0 (Debian 12.2.0-14) 
2025/05/08 17:18:37 [notice] 1#1: OS: Linux 6.12.10-76061203-generic
2025/05/08 17:18:37 [notice] 1#1: getrlimit(RLIMIT_NOFILE): 1048576:1048576
2025/05/08 17:18:37 [notice] 1#1: start worker processes
2025/05/08 17:18:37 [notice] 1#1: start worker process 28
2025/05/08 17:18:37 [notice] 1#1: start worker process 29
2025/05/08 17:18:37 [notice] 1#1: start worker process 30
2025/05/08 17:18:37 [notice] 1#1: start worker process 31
2025/05/08 17:18:37 [notice] 1#1: start worker process 32
2025/05/08 17:18:37 [notice] 1#1: start worker process 33
2025/05/08 17:18:37 [notice] 1#1: start worker process 34
2025/05/08 17:18:37 [notice] 1#1: start worker process 35
2025/05/08 17:18:37 [notice] 1#1: start worker process 36
2025/05/08 17:18:37 [notice] 1#1: start worker process 37
2025/05/08 17:18:37 [notice] 1#1: start worker process 38
2025/05/08 17:18:37 [notice] 1#1: start worker process 39
2025/05/08 17:18:37 [notice] 1#1: start worker process 40
2025/05/08 17:18:37 [notice] 1#1: start worker process 41
2025/05/08 17:18:37 [notice] 1#1: start worker process 42
2025/05/08 17:18:37 [notice] 1#1: start worker process 43
2025/05/08 17:18:42 [notice] 1#1: signal 3 (SIGQUIT) received, shutting down
2025/05/08 17:18:42 [notice] 28#28: gracefully shutting down
2025/05/08 17:18:42 [notice] 29#29: gracefully shutting down
2025/05/08 17:18:42 [notice] 30#30: gracefully shutting down
2025/05/08 17:18:42 [notice] 31#31: gracefully shutting down
2025/05/08 17:18:42 [notice] 32#32: gracefully shutting down
2025/05/08 17:18:42 [notice] 33#33: gracefully shutting down
2025/05/08 17:18:42 [notice] 34#34: gracefully shutting down
2025/05/08 17:18:42 [notice] 35#35: gracefully shutting down
2025/05/08 17:18:42 [notice] 28#28: exiting
2025/05/08 17:18:42 [notice] 29#29: exiting
2025/05/08 17:18:42 [notice] 37#37: gracefully shutting down
2025/05/08 17:18:42 [notice] 36#36: gracefully shutting down
2025/05/08 17:18:42 [notice] 30#30: exiting
2025/05/08 17:18:42 [notice] 31#31: exiting
2025/05/08 17:18:42 [notice] 38#38: gracefully shutting down
2025/05/08 17:18:42 [notice] 32#32: exiting
2025/05/08 17:18:42 [notice] 39#39: gracefully shutting down
2025/05/08 17:18:42 [notice] 40#40: gracefully shutting down
2025/05/08 17:18:42 [notice] 33#33: exiting
2025/05/08 17:18:42 [notice] 34#34: exiting
2025/05/08 17:18:42 [notice] 35#35: exiting
2025/05/08 17:18:42 [notice] 41#41: gracefully shutting down
2025/05/08 17:18:42 [notice] 37#37: exiting
2025/05/08 17:18:42 [notice] 36#36: exiting
2025/05/08 17:18:42 [notice] 38#38: exiting
2025/05/08 17:18:42 [notice] 39#39: exiting
2025/05/08 17:18:42 [notice] 40#40: exiting
2025/05/08 17:18:42 [notice] 29#29: exit
2025/05/08 17:18:42 [notice] 28#28: exit
2025/05/08 17:18:42 [notice] 41#41: exiting
2025/05/08 17:18:42 [notice] 30#30: exit
2025/05/08 17:18:42 [notice] 31#31: exit
2025/05/08 17:18:42 [notice] 32#32: exit
2025/05/08 17:18:42 [notice] 33#33: exit
2025/05/08 17:18:42 [notice] 34#34: exit
2025/05/08 17:18:42 [notice] 35#35: exit
2025/05/08 17:18:42 [notice] 37#37: exit
2025/05/08 17:18:42 [notice] 36#36: exit
2025/05/08 17:18:42 [notice] 38#38: exit
2025/05/08 17:18:42 [notice] 40#40: exit
2025/05/08 17:18:42 [notice] 39#39: exit
2025/05/08 17:18:42 [notice] 41#41: exit
2025/05/08 17:18:42 [notice] 42#42: gracefully shutting down
2025/05/08 17:18:42 [notice] 42#42: exiting
2025/05/08 17:18:42 [notice] 43#43: gracefully shutting down
2025/05/08 17:18:42 [notice] 43#43: exiting
2025/05/08 17:18:42 [notice] 42#42: exit
2025/05/08 17:18:42 [notice] 43#43: exit
2025/05/08 17:18:42 [notice] 1#1: signal 17 (SIGCHLD) received from 33
2025/05/08 17:18:42 [notice] 1#1: worker process 33 exited with code 0
2025/05/08 17:18:42 [notice] 1#1: signal 29 (SIGIO) received
2025/05/08 17:18:42 [notice] 1#1: signal 17 (SIGCHLD) received from 38
2025/05/08 17:18:42 [notice] 1#1: worker process 29 exited with code 0
2025/05/08 17:18:42 [notice] 1#1: worker process 38 exited with code 0
2025/05/08 17:18:42 [notice] 1#1: worker process 39 exited with code 0
2025/05/08 17:18:42 [notice] 1#1: worker process 40 exited with code 0
2025/05/08 17:18:42 [notice] 1#1: signal 29 (SIGIO) received
2025/05/08 17:18:42 [notice] 1#1: signal 17 (SIGCHLD) received from 39
2025/05/08 17:18:42 [notice] 1#1: worker process 28 exited with code 0
2025/05/08 17:18:42 [notice] 1#1: worker process 31 exited with code 0
2025/05/08 17:18:42 [notice] 1#1: worker process 32 exited with code 0
2025/05/08 17:18:42 [notice] 1#1: worker process 42 exited with code 0
2025/05/08 17:18:42 [notice] 1#1: signal 29 (SIGIO) received
2025/05/08 17:18:42 [notice] 1#1: signal 17 (SIGCHLD) received from 41
2025/05/08 17:18:42 [notice] 1#1: worker process 41 exited with code 0
2025/05/08 17:18:42 [notice] 1#1: signal 29 (SIGIO) received
2025/05/08 17:18:42 [notice] 1#1: signal 17 (SIGCHLD) received from 36
2025/05/08 17:18:42 [notice] 1#1: worker process 36 exited with code 0
2025/05/08 17:18:42 [notice] 1#1: signal 29 (SIGIO) received
2025/05/08 17:18:42 [notice] 1#1: signal 17 (SIGCHLD) received from 34
2025/05/08 17:18:42 [notice] 1#1: worker process 34 exited with code 0
2025/05/08 17:18:42 [notice] 1#1: worker process 43 exited with code 0
2025/05/08 17:18:42 [notice] 1#1: signal 29 (SIGIO) received
2025/05/08 17:18:42 [notice] 1#1: signal 17 (SIGCHLD) received from 35
2025/05/08 17:18:42 [notice] 1#1: worker process 35 exited with code 0
2025/05/08 17:18:42 [notice] 1#1: worker process 30 exited with code 0
2025/05/08 17:18:42 [notice] 1#1: signal 29 (SIGIO) received
2025/05/08 17:18:42 [notice] 1#1: signal 17 (SIGCHLD) received from 30
2025/05/08 17:18:42 [notice] 1#1: signal 17 (SIGCHLD) received from 37
2025/05/08 17:18:42 [notice] 1#1: worker process 37 exited with code 0
2025/05/08 17:18:42 [notice] 1#1: exit
2025/05/08 17:19:27 [notice] 1#1: using the "epoll" event method
2025/05/08 17:19:27 [notice] 1#1: nginx/1.27.5
2025/05/08 17:19:27 [notice] 1#1: built by gcc 12.2.0 (Debian 12.2.0-14) 
2025/05/08 17:19:27 [notice] 1#1: OS: Linux 6.12.10-76061203-generic
2025/05/08 17:19:27 [notice] 1#1: getrlimit(RLIMIT_NOFILE): 1048576:1048576
2025/05/08 17:19:27 [notice] 1#1: start worker processes
2025/05/08 17:19:27 [notice] 1#1: start worker process 28
2025/05/08 17:19:27 [notice] 1#1: start worker process 29
2025/05/08 17:19:27 [notice] 1#1: start worker process 30
2025/05/08 17:19:27 [notice] 1#1: start worker process 31
2025/05/08 17:19:27 [notice] 1#1: start worker process 32
2025/05/08 17:19:27 [notice] 1#1: start worker process 33
2025/05/08 17:19:27 [notice] 1#1: start worker process 34
2025/05/08 17:19:27 [notice] 1#1: start worker process 35
2025/05/08 17:19:27 [notice] 1#1: start worker process 36
2025/05/08 17:19:27 [notice] 1#1: start worker process 37
2025/05/08 17:19:27 [notice] 1#1: start worker process 38
2025/05/08 17:19:27 [notice] 1#1: start worker process 39
2025/05/08 17:19:27 [notice] 1#1: start worker process 40
2025/05/08 17:19:27 [notice] 1#1: start worker process 41
2025/05/08 17:19:27 [notice] 1#1: start worker process 42
2025/05/08 17:19:27 [notice] 1#1: start worker process 43
2025/05/08 17:20:00 [error] 28#28: *1 connect() failed (111: Connection refused) while connecting to upstream, client: 172.20.0.1, server: localhost, request: "GET /health HTTP/1.1", upstream: "http://127.0.0.1:8080/v1/health", host: "localhost"
2025/05/08 17:20:00 [error] 28#28: *1 connect() failed (111: Connection refused) while connecting to upstream, client: 172.20.0.1, server: localhost, request: "GET /health HTTP/1.1", upstream: "http://127.0.0.1:8080/v1/health", host: "localhost"
2025/05/08 17:20:40 [notice] 1#1: signal 3 (SIGQUIT) received, shutting down
2025/05/08 17:20:40 [notice] 28#28: gracefully shutting down
2025/05/08 17:20:40 [notice] 30#30: gracefully shutting down
2025/05/08 17:20:40 [notice] 29#29: gracefully shutting down
2025/05/08 17:20:40 [notice] 33#33: gracefully shutting down
2025/05/08 17:20:40 [notice] 30#30: exiting
2025/05/08 17:20:40 [notice] 31#31: gracefully shutting down
2025/05/08 17:20:40 [notice] 32#32: gracefully shutting down
2025/05/08 17:20:40 [notice] 34#34: gracefully shutting down
2025/05/08 17:20:40 [notice] 35#35: gracefully shutting down
2025/05/08 17:20:40 [notice] 36#36: gracefully shutting down
2025/05/08 17:20:40 [notice] 38#38: gracefully shutting down
2025/05/08 17:20:40 [notice] 37#37: gracefully shutting down
2025/05/08 17:20:40 [notice] 29#29: exiting
2025/05/08 17:20:40 [notice] 33#33: exiting
2025/05/08 17:20:40 [notice] 39#39: gracefully shutting down
2025/05/08 17:20:40 [notice] 31#31: exiting
2025/05/08 17:20:40 [notice] 32#32: exiting
2025/05/08 17:20:40 [notice] 40#40: gracefully shutting down
2025/05/08 17:20:40 [notice] 28#28: exiting
2025/05/08 17:20:40 [notice] 34#34: exiting
2025/05/08 17:20:40 [notice] 35#35: exiting
2025/05/08 17:20:40 [notice] 30#30: exit
2025/05/08 17:20:40 [notice] 36#36: exiting
2025/05/08 17:20:40 [notice] 38#38: exiting
2025/05/08 17:20:40 [notice] 37#37: exiting
2025/05/08 17:20:40 [notice] 39#39: exiting
2025/05/08 17:20:40 [notice] 29#29: exit
2025/05/08 17:20:40 [notice] 40#40: exiting
2025/05/08 17:20:40 [notice] 33#33: exit
2025/05/08 17:20:40 [notice] 31#31: exit
2025/05/08 17:20:40 [notice] 32#32: exit
2025/05/08 17:20:40 [notice] 28#28: exit
2025/05/08 17:20:40 [notice] 34#34: exit
2025/05/08 17:20:40 [notice] 35#35: exit
2025/05/08 17:20:40 [notice] 38#38: exit
2025/05/08 17:20:40 [notice] 36#36: exit
2025/05/08 17:20:40 [notice] 37#37: exit
2025/05/08 17:20:40 [notice] 39#39: exit
2025/05/08 17:20:40 [notice] 40#40: exit
2025/05/08 17:20:40 [notice] 41#41: gracefully shutting down
2025/05/08 17:20:40 [notice] 42#42: gracefully shutting down
2025/05/08 17:20:40 [notice] 41#41: exiting
2025/05/08 17:20:40 [notice] 42#42: exiting
2025/05/08 17:20:40 [notice] 41#41: exit
2025/05/08 17:20:40 [notice] 43#43: gracefully shutting down
2025/05/08 17:20:40 [notice] 42#42: exit
2025/05/08 17:20:40 [notice] 43#43: exiting
2025/05/08 17:20:40 [notice] 43#43: exit
2025/05/08 17:20:40 [notice] 1#1: signal 17 (SIGCHLD) received from 37
2025/05/08 17:20:40 [notice] 1#1: worker process 29 exited with code 0
2025/05/08 17:20:40 [notice] 1#1: worker process 37 exited with code 0
2025/05/08 17:20:40 [notice] 1#1: worker process 38 exited with code 0
2025/05/08 17:20:40 [notice] 1#1: worker process 41 exited with code 0
2025/05/08 17:20:40 [notice] 1#1: signal 29 (SIGIO) received
2025/05/08 17:20:40 [notice] 1#1: signal 17 (SIGCHLD) received from 29
2025/05/08 17:20:40 [notice] 1#1: signal 17 (SIGCHLD) received from 30
2025/05/08 17:20:40 [notice] 1#1: worker process 30 exited with code 0
2025/05/08 17:20:40 [notice] 1#1: signal 29 (SIGIO) received
2025/05/08 17:20:40 [notice] 1#1: signal 17 (SIGCHLD) received from 40
2025/05/08 17:20:40 [notice] 1#1: worker process 40 exited with code 0
2025/05/08 17:20:40 [notice] 1#1: worker process 39 exited with code 0
2025/05/08 17:20:40 [notice] 1#1: signal 29 (SIGIO) received
2025/05/08 17:20:40 [notice] 1#1: signal 17 (SIGCHLD) received from 39
2025/05/08 17:20:40 [notice] 1#1: signal 17 (SIGCHLD) received from 28
2025/05/08 17:20:40 [notice] 1#1: worker process 28 exited with code 0
2025/05/08 17:20:40 [notice] 1#1: signal 29 (SIGIO) received
2025/05/08 17:20:40 [notice] 1#1: signal 17 (SIGCHLD) received from 36
2025/05/08 17:20:40 [notice] 1#1: worker process 36 exited with code 0
2025/05/08 17:20:40 [notice] 1#1: signal 29 (SIGIO) received
2025/05/08 17:20:40 [notice] 1#1: signal 17 (SIGCHLD) received from 32
2025/05/08 17:20:40 [notice] 1#1: worker process 32 exited with code 0
2025/05/08 17:20:40 [notice] 1#1: worker process 35 exited with code 0
2025/05/08 17:20:40 [notice] 1#1: signal 29 (SIGIO) received
2025/05/08 17:20:40 [notice] 1#1: signal 17 (SIGCHLD) received from 35
2025/05/08 17:20:40 [notice] 1#1: signal 17 (SIGCHLD) received from 42
2025/05/08 17:20:40 [notice] 1#1: worker process 42 exited with code 0
2025/05/08 17:20:40 [notice] 1#1: signal 29 (SIGIO) received
2025/05/08 17:20:40 [notice] 1#1: signal 17 (SIGCHLD) received from 33
2025/05/08 17:20:40 [notice] 1#1: worker process 33 exited with code 0
2025/05/08 17:20:40 [notice] 1#1: worker process 43 exited with code 0
2025/05/08 17:20:40 [notice] 1#1: signal 29 (SIGIO) received
2025/05/08 17:20:40 [notice] 1#1: signal 17 (SIGCHLD) received from 43
2025/05/08 17:20:40 [notice] 1#1: signal 17 (SIGCHLD) received from 34
2025/05/08 17:20:40 [notice] 1#1: worker process 34 exited with code 0
2025/05/08 17:20:40 [notice] 1#1: signal 29 (SIGIO) received
2025/05/08 17:20:40 [notice] 1#1: signal 17 (SIGCHLD) received from 31
2025/05/08 17:20:40 [notice] 1#1: worker process 31 exited with code 0
2025/05/08 17:20:40 [notice] 1#1: exit
2025/05/08 17:20:49 [notice] 1#1: using the "epoll" event method
2025/05/08 17:20:49 [notice] 1#1: nginx/1.27.5
2025/05/08 17:20:49 [notice] 1#1: built by gcc 12.2.0 (Debian 12.2.0-14) 
2025/05/08 17:20:49 [notice] 1#1: OS: Linux 6.12.10-76061203-generic
2025/05/08 17:20:49 [notice] 1#1: getrlimit(RLIMIT_NOFILE): 1048576:1048576
2025/05/08 17:20:49 [notice] 1#1: start worker processes
2025/05/08 17:20:49 [notice] 1#1: start worker process 28
2025/05/08 17:20:49 [notice] 1#1: start worker process 29
2025/05/08 17:20:49 [notice] 1#1: start worker process 30
2025/05/08 17:20:49 [notice] 1#1: start worker process 31
2025/05/08 17:20:49 [notice] 1#1: start worker process 32
2025/05/08 17:20:49 [notice] 1#1: start worker process 33
2025/05/08 17:20:49 [notice] 1#1: start worker process 34
2025/05/08 17:20:49 [notice] 1#1: start worker process 35
2025/05/08 17:20:49 [notice] 1#1: start worker process 36
2025/05/08 17:20:49 [notice] 1#1: start worker process 37
2025/05/08 17:20:49 [notice] 1#1: start worker process 38
2025/05/08 17:20:49 [notice] 1#1: start worker process 39
2025/05/08 17:20:49 [notice] 1#1: start worker process 40
2025/05/08 17:20:49 [notice] 1#1: start worker process 41
2025/05/08 17:20:49 [notice] 1#1: start worker process 42
2025/05/08 17:20:49 [notice] 1#1: start worker process 43
2025/05/08 17:21:19 [notice] 1#1: signal 3 (SIGQUIT) received, shutting down
2025/05/08 17:21:19 [notice] 28#28: gracefully shutting down
2025/05/08 17:21:19 [notice] 29#29: gracefully shutting down
2025/05/08 17:21:19 [notice] 30#30: gracefully shutting down
2025/05/08 17:21:19 [notice] 31#31: gracefully shutting down
2025/05/08 17:21:19 [notice] 33#33: gracefully shutting down
2025/05/08 17:21:19 [notice] 32#32: gracefully shutting down
2025/05/08 17:21:19 [notice] 34#34: gracefully shutting down
2025/05/08 17:21:19 [notice] 35#35: gracefully shutting down
2025/05/08 17:21:19 [notice] 36#36: gracefully shutting down
2025/05/08 17:21:19 [notice] 37#37: gracefully shutting down
2025/05/08 17:21:19 [notice] 29#29: exiting
2025/05/08 17:21:19 [notice] 38#38: gracefully shutting down
2025/05/08 17:21:19 [notice] 30#30: exiting
2025/05/08 17:21:19 [notice] 39#39: gracefully shutting down
2025/05/08 17:21:19 [notice] 31#31: exiting
2025/05/08 17:21:19 [notice] 33#33: exiting
2025/05/08 17:21:19 [notice] 40#40: gracefully shutting down
2025/05/08 17:21:19 [notice] 32#32: exiting
2025/05/08 17:21:19 [notice] 28#28: exiting
2025/05/08 17:21:19 [notice] 34#34: exiting
2025/05/08 17:21:19 [notice] 35#35: exiting
2025/05/08 17:21:19 [notice] 36#36: exiting
2025/05/08 17:21:19 [notice] 37#37: exiting
2025/05/08 17:21:19 [notice] 38#38: exiting
2025/05/08 17:21:19 [notice] 39#39: exiting
2025/05/08 17:21:19 [notice] 40#40: exiting
2025/05/08 17:21:19 [notice] 29#29: exit
2025/05/08 17:21:19 [notice] 30#30: exit
2025/05/08 17:21:19 [notice] 31#31: exit
2025/05/08 17:21:19 [notice] 33#33: exit
2025/05/08 17:21:19 [notice] 28#28: exit
2025/05/08 17:21:19 [notice] 32#32: exit
2025/05/08 17:21:19 [notice] 36#36: exit
2025/05/08 17:21:19 [notice] 34#34: exit
2025/05/08 17:21:19 [notice] 35#35: exit
2025/05/08 17:21:19 [notice] 37#37: exit
2025/05/08 17:21:19 [notice] 38#38: exit
2025/05/08 17:21:19 [notice] 39#39: exit
2025/05/08 17:21:19 [notice] 40#40: exit
2025/05/08 17:21:19 [notice] 42#42: gracefully shutting down
2025/05/08 17:21:19 [notice] 42#42: exiting
2025/05/08 17:21:19 [notice] 42#42: exit
2025/05/08 17:21:19 [notice] 43#43: gracefully shutting down
2025/05/08 17:21:19 [notice] 43#43: exiting
2025/05/08 17:21:19 [notice] 43#43: exit
2025/05/08 17:21:19 [notice] 41#41: gracefully shutting down
2025/05/08 17:21:19 [notice] 41#41: exiting
2025/05/08 17:21:19 [notice] 41#41: exit
2025/05/08 17:21:20 [notice] 1#1: signal 17 (SIGCHLD) received from 43
2025/05/08 17:21:20 [notice] 1#1: worker process 38 exited with code 0
2025/05/08 17:21:20 [notice] 1#1: worker process 43 exited with code 0
2025/05/08 17:21:20 [notice] 1#1: signal 29 (SIGIO) received
2025/05/08 17:21:20 [notice] 1#1: signal 17 (SIGCHLD) received from 33
2025/05/08 17:21:20 [notice] 1#1: worker process 33 exited with code 0
2025/05/08 17:21:20 [notice] 1#1: signal 29 (SIGIO) received
2025/05/08 17:21:20 [notice] 1#1: signal 17 (SIGCHLD) received from 40
2025/05/08 17:21:20 [notice] 1#1: worker process 32 exited with code 0
2025/05/08 17:21:20 [notice] 1#1: worker process 30 exited with code 0
2025/05/08 17:21:20 [notice] 1#1: worker process 34 exited with code 0
2025/05/08 17:21:20 [notice] 1#1: worker process 36 exited with code 0
2025/05/08 17:21:20 [notice] 1#1: worker process 37 exited with code 0
2025/05/08 17:21:20 [notice] 1#1: worker process 40 exited with code 0
2025/05/08 17:21:20 [notice] 1#1: worker process 41 exited with code 0
2025/05/08 17:21:20 [notice] 1#1: signal 29 (SIGIO) received
2025/05/08 17:21:20 [notice] 1#1: signal 17 (SIGCHLD) received from 34
2025/05/08 17:21:20 [notice] 1#1: signal 17 (SIGCHLD) received from 29
2025/05/08 17:21:20 [notice] 1#1: worker process 29 exited with code 0
2025/05/08 17:21:20 [notice] 1#1: signal 29 (SIGIO) received
2025/05/08 17:21:20 [notice] 1#1: signal 17 (SIGCHLD) received from 39
2025/05/08 17:21:20 [notice] 1#1: worker process 39 exited with code 0
2025/05/08 17:21:20 [notice] 1#1: worker process 42 exited with code 0
2025/05/08 17:21:20 [notice] 1#1: signal 29 (SIGIO) received
2025/05/08 17:21:20 [notice] 1#1: signal 17 (SIGCHLD) received from 28
2025/05/08 17:21:20 [notice] 1#1: worker process 28 exited with code 0
2025/05/08 17:21:20 [notice] 1#1: signal 29 (SIGIO) received
2025/05/08 17:21:20 [notice] 1#1: signal 17 (SIGCHLD) received from 31
2025/05/08 17:21:20 [notice] 1#1: worker process 31 exited with code 0
2025/05/08 17:21:20 [notice] 1#1: signal 29 (SIGIO) received
2025/05/08 17:21:20 [notice] 1#1: signal 17 (SIGCHLD) received from 35
2025/05/08 17:21:20 [notice] 1#1: worker process 35 exited with code 0
2025/05/08 17:21:20 [notice] 1#1: exit
2025/05/08 17:35:46 [emerg] 1#1: "worker_processes" directive is not allowed here in /etc/nginx/conf.d/default.conf:1
2025/05/08 17:35:47 [emerg] 1#1: "worker_processes" directive is not allowed here in /etc/nginx/conf.d/default.conf:1
2025/05/08 17:35:47 [emerg] 1#1: "worker_processes" directive is not allowed here in /etc/nginx/conf.d/default.conf:1
2025/05/08 17:35:48 [emerg] 1#1: "worker_processes" directive is not allowed here in /etc/nginx/conf.d/default.conf:1
2025/05/08 17:35:49 [emerg] 1#1: "worker_processes" directive is not allowed here in /etc/nginx/conf.d/default.conf:1
2025/05/08 17:35:51 [emerg] 1#1: "worker_processes" directive is not allowed here in /etc/nginx/conf.d/default.conf:1
2025/05/08 17:35:54 [emerg] 1#1: "worker_processes" directive is not allowed here in /etc/nginx/conf.d/default.conf:1
2025/05/08 17:36:00 [emerg] 1#1: "worker_processes" directive is not allowed here in /etc/nginx/conf.d/default.conf:1
2025/05/08 17:36:13 [emerg] 1#1: "worker_processes" directive is not allowed here in /etc/nginx/conf.d/default.conf:1
2025/05/08 17:36:47 [emerg] 1#1: "worker_processes" directive is not allowed here in /etc/nginx/conf.d/default.conf:1
2025/05/08 17:36:48 [emerg] 1#1: "worker_processes" directive is not allowed here in /etc/nginx/conf.d/default.conf:1
2025/05/08 17:36:48 [emerg] 1#1: "worker_processes" directive is not allowed here in /etc/nginx/conf.d/default.conf:1
2025/05/08 17:36:49 [emerg] 1#1: "worker_processes" directive is not allowed here in /etc/nginx/conf.d/default.conf:1
2025/05/08 17:36:50 [emerg] 1#1: "worker_processes" directive is not allowed here in /etc/nginx/conf.d/default.conf:1
2025/05/08 17:36:52 [emerg] 1#1: "worker_processes" directive is not allowed here in /etc/nginx/conf.d/default.conf:1
2025/05/08 17:36:55 [emerg] 1#1: "worker_processes" directive is not allowed here in /etc/nginx/conf.d/default.conf:1
2025/05/08 17:37:26 [emerg] 1#1: "http" directive is not allowed here in /etc/nginx/conf.d/default.conf:1
2025/05/08 17:37:26 [emerg] 1#1: "http" directive is not allowed here in /etc/nginx/conf.d/default.conf:1
2025/05/08 17:37:26 [emerg] 1#1: "http" directive is not allowed here in /etc/nginx/conf.d/default.conf:1
2025/05/08 17:37:27 [emerg] 1#1: "http" directive is not allowed here in /etc/nginx/conf.d/default.conf:1
2025/05/08 17:37:28 [emerg] 1#1: "http" directive is not allowed here in /etc/nginx/conf.d/default.conf:1
2025/05/08 17:37:30 [emerg] 1#1: "http" directive is not allowed here in /etc/nginx/conf.d/default.conf:1
2025/05/08 17:37:33 [emerg] 1#1: "http" directive is not allowed here in /etc/nginx/conf.d/default.conf:1
2025/05/08 17:37:40 [emerg] 1#1: "http" directive is not allowed here in /etc/nginx/conf.d/default.conf:1
2025/05/08 17:37:53 [emerg] 1#1: "http" directive is not allowed here in /etc/nginx/conf.d/default.conf:1
2025/05/08 17:38:18 [warn] 1#1: duplicate extension "html", content type: "text/html", previous content type: "text/html" in /etc/nginx/mime.types:3
2025/05/08 17:38:18 [warn] 1#1: duplicate extension "htm", content type: "text/html", previous content type: "text/html" in /etc/nginx/mime.types:3
2025/05/08 17:38:18 [warn] 1#1: duplicate extension "shtml", content type: "text/html", previous content type: "text/html" in /etc/nginx/mime.types:3
2025/05/08 17:38:18 [warn] 1#1: duplicate extension "css", content type: "text/css", previous content type: "text/css" in /etc/nginx/mime.types:4
2025/05/08 17:38:18 [warn] 1#1: duplicate extension "xml", content type: "text/xml", previous content type: "text/xml" in /etc/nginx/mime.types:5
2025/05/08 17:38:18 [warn] 1#1: duplicate extension "gif", content type: "image/gif", previous content type: "image/gif" in /etc/nginx/mime.types:6
2025/05/08 17:38:18 [warn] 1#1: duplicate extension "jpeg", content type: "image/jpeg", previous content type: "image/jpeg" in /etc/nginx/mime.types:7
2025/05/08 17:38:18 [warn] 1#1: duplicate extension "jpg", content type: "image/jpeg", previous content type: "image/jpeg" in /etc/nginx/mime.types:7
2025/05/08 17:38:18 [warn] 1#1: duplicate extension "js", content type: "application/javascript", previous content type: "application/javascript" in /etc/nginx/mime.types:8
2025/05/08 17:38:18 [warn] 1#1: duplicate extension "atom", content type: "application/atom+xml", previous content type: "application/atom+xml" in /etc/nginx/mime.types:9
2025/05/08 17:38:18 [warn] 1#1: duplicate extension "rss", content type: "application/rss+xml", previous content type: "application/rss+xml" in /etc/nginx/mime.types:10
2025/05/08 17:38:18 [warn] 1#1: duplicate extension "mml", content type: "text/mathml", previous content type: "text/mathml" in /etc/nginx/mime.types:12
2025/05/08 17:38:18 [warn] 1#1: duplicate extension "txt", content type: "text/plain", previous content type: "text/plain" in /etc/nginx/mime.types:13
2025/05/08 17:38:18 [warn] 1#1: duplicate extension "jad", content type: "text/vnd.sun.j2me.app-descriptor", previous content type: "text/vnd.sun.j2me.app-descriptor" in /etc/nginx/mime.types:14
2025/05/08 17:38:18 [warn] 1#1: duplicate extension "wml", content type: "text/vnd.wap.wml", previous content type: "text/vnd.wap.wml" in /etc/nginx/mime.types:15
2025/05/08 17:38:18 [warn] 1#1: duplicate extension "htc", content type: "text/x-component", previous content type: "text/x-component" in /etc/nginx/mime.types:16
2025/05/08 17:38:18 [warn] 1#1: duplicate extension "avif", content type: "image/avif", previous content type: "image/avif" in /etc/nginx/mime.types:18
2025/05/08 17:38:18 [warn] 1#1: duplicate extension "png", content type: "image/png", previous content type: "image/png" in /etc/nginx/mime.types:19
2025/05/08 17:38:18 [warn] 1#1: duplicate extension "svg", content type: "image/svg+xml", previous content type: "image/svg+xml" in /etc/nginx/mime.types:20
2025/05/08 17:38:18 [warn] 1#1: duplicate extension "svgz", content type: "image/svg+xml", previous content type: "image/svg+xml" in /etc/nginx/mime.types:20
2025/05/08 17:38:18 [warn] 1#1: duplicate extension "tif", content type: "image/tiff", previous content type: "image/tiff" in /etc/nginx/mime.types:21
2025/05/08 17:38:18 [warn] 1#1: duplicate extension "tiff", content type: "image/tiff", previous content type: "image/tiff" in /etc/nginx/mime.types:21
2025/05/08 17:38:18 [warn] 1#1: duplicate extension "wbmp", content type: "image/vnd.wap.wbmp", previous content type: "image/vnd.wap.wbmp" in /etc/nginx/mime.types:22
2025/05/08 17:38:18 [warn] 1#1: duplicate extension "webp", content type: "image/webp", previous content type: "image/webp" in /etc/nginx/mime.types:23
2025/05/08 17:38:18 [warn] 1#1: duplicate extension "ico", content type: "image/x-icon", previous content type: "image/x-icon" in /etc/nginx/mime.types:24
2025/05/08 17:38:18 [warn] 1#1: duplicate extension "jng", content type: "image/x-jng", previous content type: "image/x-jng" in /etc/nginx/mime.types:25
2025/05/08 17:38:18 [warn] 1#1: duplicate extension "bmp", content type: "image/x-ms-bmp", previous content type: "image/x-ms-bmp" in /etc/nginx/mime.types:26
2025/05/08 17:38:18 [warn] 1#1: duplicate extension "woff", content type: "font/woff", previous content type: "font/woff" in /etc/nginx/mime.types:28
2025/05/08 17:38:18 [warn] 1#1: duplicate extension "woff2", content type: "font/woff2", previous content type: "font/woff2" in /etc/nginx/mime.types:29
2025/05/08 17:38:18 [warn] 1#1: duplicate extension "jar", content type: "application/java-archive", previous content type: "application/java-archive" in /etc/nginx/mime.types:31
2025/05/08 17:38:18 [warn] 1#1: duplicate extension "war", content type: "application/java-archive", previous content type: "application/java-archive" in /etc/nginx/mime.types:31
2025/05/08 17:38:18 [warn] 1#1: duplicate extension "ear", content type: "application/java-archive", previous content type: "application/java-archive" in /etc/nginx/mime.types:31
2025/05/08 17:38:18 [warn] 1#1: duplicate extension "json", content type: "application/json", previous content type: "application/json" in /etc/nginx/mime.types:32
2025/05/08 17:38:18 [warn] 1#1: duplicate extension "hqx", content type: "application/mac-binhex40", previous content type: "application/mac-binhex40" in /etc/nginx/mime.types:33
2025/05/08 17:38:18 [warn] 1#1: duplicate extension "doc", content type: "application/msword", previous content type: "application/msword" in /etc/nginx/mime.types:34
2025/05/08 17:38:18 [warn] 1#1: duplicate extension "pdf", content type: "application/pdf", previous content type: "application/pdf" in /etc/nginx/mime.types:35
2025/05/08 17:38:18 [warn] 1#1: duplicate extension "ps", content type: "application/postscript", previous content type: "application/postscript" in /etc/nginx/mime.types:36
2025/05/08 17:38:18 [warn] 1#1: duplicate extension "eps", content type: "application/postscript", previous content type: "application/postscript" in /etc/nginx/mime.types:36
2025/05/08 17:38:18 [warn] 1#1: duplicate extension "ai", content type: "application/postscript", previous content type: "application/postscript" in /etc/nginx/mime.types:36
2025/05/08 17:38:18 [warn] 1#1: duplicate extension "rtf", content type: "application/rtf", previous content type: "application/rtf" in /etc/nginx/mime.types:37
2025/05/08 17:38:18 [warn] 1#1: duplicate extension "m3u8", content type: "application/vnd.apple.mpegurl", previous content type: "application/vnd.apple.mpegurl" in /etc/nginx/mime.types:38
2025/05/08 17:38:18 [warn] 1#1: duplicate extension "kml", content type: "application/vnd.google-earth.kml+xml", previous content type: "application/vnd.google-earth.kml+xml" in /etc/nginx/mime.types:39
2025/05/08 17:38:18 [warn] 1#1: duplicate extension "kmz", content type: "application/vnd.google-earth.kmz", previous content type: "application/vnd.google-earth.kmz" in /etc/nginx/mime.types:40
2025/05/08 17:38:18 [warn] 1#1: duplicate extension "xls", content type: "application/vnd.ms-excel", previous content type: "application/vnd.ms-excel" in /etc/nginx/mime.types:41
2025/05/08 17:38:18 [warn] 1#1: duplicate extension "eot", content type: "application/vnd.ms-fontobject", previous content type: "application/vnd.ms-fontobject" in /etc/nginx/mime.types:42
2025/05/08 17:38:18 [warn] 1#1: duplicate extension "ppt", content type: "application/vnd.ms-powerpoint", previous content type: "application/vnd.ms-powerpoint" in /etc/nginx/mime.types:43
2025/05/08 17:38:18 [warn] 1#1: duplicate extension "odg", content type: "application/vnd.oasis.opendocument.graphics", previous content type: "application/vnd.oasis.opendocument.graphics" in /etc/nginx/mime.types:44
2025/05/08 17:38:18 [warn] 1#1: duplicate extension "odp", content type: "application/vnd.oasis.opendocument.presentation", previous content type: "application/vnd.oasis.opendocument.presentation" in /etc/nginx/mime.types:45
2025/05/08 17:38:18 [warn] 1#1: duplicate extension "ods", content type: "application/vnd.oasis.opendocument.spreadsheet", previous content type: "application/vnd.oasis.opendocument.spreadsheet" in /etc/nginx/mime.types:46
2025/05/08 17:38:18 [warn] 1#1: duplicate extension "odt", content type: "application/vnd.oasis.opendocument.text", previous content type: "application/vnd.oasis.opendocument.text" in /etc/nginx/mime.types:47
2025/05/08 17:38:18 [warn] 1#1: duplicate extension "pptx", content type: "application/vnd.openxmlformats-officedocument.presentationml.presentation", previous content type: "application/vnd.openxmlformats-officedocument.presentationml.presentation" in /etc/nginx/mime.types:49
2025/05/08 17:38:18 [warn] 1#1: duplicate extension "xlsx", content type: "application/vnd.openxmlformats-officedocument.spreadsheetml.sheet", previous content type: "application/vnd.openxmlformats-officedocument.spreadsheetml.sheet" in /etc/nginx/mime.types:51
2025/05/08 17:38:18 [warn] 1#1: duplicate extension "docx", content type: "application/vnd.openxmlformats-officedocument.wordprocessingml.document", previous content type: "application/vnd.openxmlformats-officedocument.wordprocessingml.document" in /etc/nginx/mime.types:53
2025/05/08 17:38:18 [warn] 1#1: duplicate extension "wmlc", content type: "application/vnd.wap.wmlc", previous content type: "application/vnd.wap.wmlc" in /etc/nginx/mime.types:54
2025/05/08 17:38:18 [warn] 1#1: duplicate extension "wasm", content type: "application/wasm", previous content type: "application/wasm" in /etc/nginx/mime.types:55
2025/05/08 17:38:18 [warn] 1#1: duplicate extension "7z", content type: "application/x-7z-compressed", previous content type: "application/x-7z-compressed" in /etc/nginx/mime.types:56
2025/05/08 17:38:18 [warn] 1#1: duplicate extension "cco", content type: "application/x-cocoa", previous content type: "application/x-cocoa" in /etc/nginx/mime.types:57
2025/05/08 17:38:18 [warn] 1#1: duplicate extension "jardiff", content type: "application/x-java-archive-diff", previous content type: "application/x-java-archive-diff" in /etc/nginx/mime.types:58
2025/05/08 17:38:18 [warn] 1#1: duplicate extension "jnlp", content type: "application/x-java-jnlp-file", previous content type: "application/x-java-jnlp-file" in /etc/nginx/mime.types:59
2025/05/08 17:38:18 [warn] 1#1: duplicate extension "run", content type: "application/x-makeself", previous content type: "application/x-makeself" in /etc/nginx/mime.types:60
2025/05/08 17:38:18 [warn] 1#1: duplicate extension "pl", content type: "application/x-perl", previous content type: "application/x-perl" in /etc/nginx/mime.types:61
2025/05/08 17:38:18 [warn] 1#1: duplicate extension "pm", content type: "application/x-perl", previous content type: "application/x-perl" in /etc/nginx/mime.types:61
2025/05/08 17:38:18 [warn] 1#1: duplicate extension "prc", content type: "application/x-pilot", previous content type: "application/x-pilot" in /etc/nginx/mime.types:62
2025/05/08 17:38:18 [warn] 1#1: duplicate extension "pdb", content type: "application/x-pilot", previous content type: "application/x-pilot" in /etc/nginx/mime.types:62
2025/05/08 17:38:18 [warn] 1#1: duplicate extension "rar", content type: "application/x-rar-compressed", previous content type: "application/x-rar-compressed" in /etc/nginx/mime.types:63
2025/05/08 17:38:18 [warn] 1#1: duplicate extension "rpm", content type: "application/x-redhat-package-manager", previous content type: "application/x-redhat-package-manager" in /etc/nginx/mime.types:64
2025/05/08 17:38:18 [warn] 1#1: duplicate extension "sea", content type: "application/x-sea", previous content type: "application/x-sea" in /etc/nginx/mime.types:65
2025/05/08 17:38:18 [warn] 1#1: duplicate extension "swf", content type: "application/x-shockwave-flash", previous content type: "application/x-shockwave-flash" in /etc/nginx/mime.types:66
2025/05/08 17:38:18 [warn] 1#1: duplicate extension "sit", content type: "application/x-stuffit", previous content type: "application/x-stuffit" in /etc/nginx/mime.types:67
2025/05/08 17:38:18 [warn] 1#1: duplicate extension "tcl", content type: "application/x-tcl", previous content type: "application/x-tcl" in /etc/nginx/mime.types:68
2025/05/08 17:38:18 [warn] 1#1: duplicate extension "tk", content type: "application/x-tcl", previous content type: "application/x-tcl" in /etc/nginx/mime.types:68
2025/05/08 17:38:18 [warn] 1#1: duplicate extension "der", content type: "application/x-x509-ca-cert", previous content type: "application/x-x509-ca-cert" in /etc/nginx/mime.types:69
2025/05/08 17:38:18 [warn] 1#1: duplicate extension "pem", content type: "application/x-x509-ca-cert", previous content type: "application/x-x509-ca-cert" in /etc/nginx/mime.types:69
2025/05/08 17:38:18 [warn] 1#1: duplicate extension "crt", content type: "application/x-x509-ca-cert", previous content type: "application/x-x509-ca-cert" in /etc/nginx/mime.types:69
2025/05/08 17:38:18 [warn] 1#1: duplicate extension "xpi", content type: "application/x-xpinstall", previous content type: "application/x-xpinstall" in /etc/nginx/mime.types:70
2025/05/08 17:38:18 [warn] 1#1: duplicate extension "xhtml", content type: "application/xhtml+xml", previous content type: "application/xhtml+xml" in /etc/nginx/mime.types:71
2025/05/08 17:38:18 [warn] 1#1: duplicate extension "xspf", content type: "application/xspf+xml", previous content type: "application/xspf+xml" in /etc/nginx/mime.types:72
2025/05/08 17:38:18 [warn] 1#1: duplicate extension "zip", content type: "application/zip", previous content type: "application/zip" in /etc/nginx/mime.types:73
2025/05/08 17:38:18 [warn] 1#1: duplicate extension "bin", content type: "application/octet-stream", previous content type: "application/octet-stream" in /etc/nginx/mime.types:75
2025/05/08 17:38:18 [warn] 1#1: duplicate extension "exe", content type: "application/octet-stream", previous content type: "application/octet-stream" in /etc/nginx/mime.types:75
2025/05/08 17:38:18 [warn] 1#1: duplicate extension "dll", content type: "application/octet-stream", previous content type: "application/octet-stream" in /etc/nginx/mime.types:75
2025/05/08 17:38:18 [warn] 1#1: duplicate extension "deb", content type: "application/octet-stream", previous content type: "application/octet-stream" in /etc/nginx/mime.types:76
2025/05/08 17:38:18 [warn] 1#1: duplicate extension "dmg", content type: "application/octet-stream", previous content type: "application/octet-stream" in /etc/nginx/mime.types:77
2025/05/08 17:38:18 [warn] 1#1: duplicate extension "iso", content type: "application/octet-stream", previous content type: "application/octet-stream" in /etc/nginx/mime.types:78
2025/05/08 17:38:18 [warn] 1#1: duplicate extension "img", content type: "application/octet-stream", previous content type: "application/octet-stream" in /etc/nginx/mime.types:78
2025/05/08 17:38:18 [warn] 1#1: duplicate extension "msi", content type: "application/octet-stream", previous content type: "application/octet-stream" in /etc/nginx/mime.types:79
2025/05/08 17:38:18 [warn] 1#1: duplicate extension "msp", content type: "application/octet-stream", previous content type: "application/octet-stream" in /etc/nginx/mime.types:79
2025/05/08 17:38:18 [warn] 1#1: duplicate extension "msm", content type: "application/octet-stream", previous content type: "application/octet-stream" in /etc/nginx/mime.types:79
2025/05/08 17:38:18 [warn] 1#1: duplicate extension "mid", content type: "audio/midi", previous content type: "audio/midi" in /etc/nginx/mime.types:81
2025/05/08 17:38:18 [warn] 1#1: duplicate extension "midi", content type: "audio/midi", previous content type: "audio/midi" in /etc/nginx/mime.types:81
2025/05/08 17:38:18 [warn] 1#1: duplicate extension "kar", content type: "audio/midi", previous content type: "audio/midi" in /etc/nginx/mime.types:81
2025/05/08 17:38:18 [warn] 1#1: duplicate extension "mp3", content type: "audio/mpeg", previous content type: "audio/mpeg" in /etc/nginx/mime.types:82
2025/05/08 17:38:18 [warn] 1#1: duplicate extension "ogg", content type: "audio/ogg", previous content type: "audio/ogg" in /etc/nginx/mime.types:83
2025/05/08 17:38:18 [warn] 1#1: duplicate extension "m4a", content type: "audio/x-m4a", previous content type: "audio/x-m4a" in /etc/nginx/mime.types:84
2025/05/08 17:38:18 [warn] 1#1: duplicate extension "ra", content type: "audio/x-realaudio", previous content type: "audio/x-realaudio" in /etc/nginx/mime.types:85
2025/05/08 17:38:18 [warn] 1#1: duplicate extension "3gpp", content type: "video/3gpp", previous content type: "video/3gpp" in /etc/nginx/mime.types:87
2025/05/08 17:38:18 [warn] 1#1: duplicate extension "3gp", content type: "video/3gpp", previous content type: "video/3gpp" in /etc/nginx/mime.types:87
2025/05/08 17:38:18 [warn] 1#1: duplicate extension "ts", content type: "video/mp2t", previous content type: "video/mp2t" in /etc/nginx/mime.types:88
2025/05/08 17:38:18 [warn] 1#1: duplicate extension "mp4", content type: "video/mp4", previous content type: "video/mp4" in /etc/nginx/mime.types:89
2025/05/08 17:38:18 [warn] 1#1: duplicate extension "mpeg", content type: "video/mpeg", previous content type: "video/mpeg" in /etc/nginx/mime.types:90
2025/05/08 17:38:18 [warn] 1#1: duplicate extension "mpg", content type: "video/mpeg", previous content type: "video/mpeg" in /etc/nginx/mime.types:90
2025/05/08 17:38:18 [warn] 1#1: duplicate extension "mov", content type: "video/quicktime", previous content type: "video/quicktime" in /etc/nginx/mime.types:91
2025/05/08 17:38:18 [warn] 1#1: duplicate extension "webm", content type: "video/webm", previous content type: "video/webm" in /etc/nginx/mime.types:92
2025/05/08 17:38:18 [warn] 1#1: duplicate extension "flv", content type: "video/x-flv", previous content type: "video/x-flv" in /etc/nginx/mime.types:93
2025/05/08 17:38:18 [warn] 1#1: duplicate extension "m4v", content type: "video/x-m4v", previous content type: "video/x-m4v" in /etc/nginx/mime.types:94
2025/05/08 17:38:18 [warn] 1#1: duplicate extension "mng", content type: "video/x-mng", previous content type: "video/x-mng" in /etc/nginx/mime.types:95
2025/05/08 17:38:18 [warn] 1#1: duplicate extension "asx", content type: "video/x-ms-asf", previous content type: "video/x-ms-asf" in /etc/nginx/mime.types:96
2025/05/08 17:38:18 [warn] 1#1: duplicate extension "asf", content type: "video/x-ms-asf", previous content type: "video/x-ms-asf" in /etc/nginx/mime.types:96
2025/05/08 17:38:18 [warn] 1#1: duplicate extension "wmv", content type: "video/x-ms-wmv", previous content type: "video/x-ms-wmv" in /etc/nginx/mime.types:97
2025/05/08 17:38:18 [warn] 1#1: duplicate extension "avi", content type: "video/x-msvideo", previous content type: "video/x-msvideo" in /etc/nginx/mime.types:98
2025/05/08 17:38:18 [notice] 1#1: using the "epoll" event method
2025/05/08 17:38:18 [notice] 1#1: nginx/1.27.5
2025/05/08 17:38:18 [notice] 1#1: built by gcc 12.2.0 (Debian 12.2.0-14) 
2025/05/08 17:38:18 [notice] 1#1: OS: Linux 6.12.10-76061203-generic
2025/05/08 17:38:18 [notice] 1#1: getrlimit(RLIMIT_NOFILE): 1048576:1048576
2025/05/08 17:38:18 [notice] 1#1: start worker processes
2025/05/08 17:38:18 [notice] 1#1: start worker process 28
2025/05/08 17:38:18 [notice] 1#1: start worker process 29
2025/05/08 17:38:18 [notice] 1#1: start worker process 30
2025/05/08 17:38:18 [notice] 1#1: start worker process 31
2025/05/08 17:38:18 [notice] 1#1: start worker process 32
2025/05/08 17:38:18 [notice] 1#1: start worker process 33
2025/05/08 17:38:18 [notice] 1#1: start worker process 34
2025/05/08 17:38:18 [notice] 1#1: start worker process 35
2025/05/08 17:38:18 [notice] 1#1: start worker process 36
2025/05/08 17:38:18 [notice] 1#1: start worker process 37
2025/05/08 17:38:18 [notice] 1#1: start worker process 38
2025/05/08 17:38:18 [notice] 1#1: start worker process 39
2025/05/08 17:38:18 [notice] 1#1: start worker process 40
2025/05/08 17:38:18 [notice] 1#1: start worker process 41
2025/05/08 17:38:18 [notice] 1#1: start worker process 42
2025/05/08 17:38:18 [notice] 1#1: start worker process 43
2025/05/08 17:38:28 [notice] 1#1: signal 3 (SIGQUIT) received, shutting down
2025/05/08 17:38:28 [notice] 28#28: gracefully shutting down
2025/05/08 17:38:28 [notice] 29#29: gracefully shutting down
2025/05/08 17:38:28 [notice] 31#31: gracefully shutting down
2025/05/08 17:38:28 [notice] 30#30: gracefully shutting down
2025/05/08 17:38:28 [notice] 31#31: exiting
2025/05/08 17:38:28 [notice] 28#28: exiting
2025/05/08 17:38:28 [notice] 32#32: gracefully shutting down
2025/05/08 17:38:28 [notice] 34#34: gracefully shutting down
2025/05/08 17:38:28 [notice] 33#33: gracefully shutting down
2025/05/08 17:38:28 [notice] 29#29: exiting
2025/05/08 17:38:28 [notice] 35#35: gracefully shutting down
2025/05/08 17:38:28 [notice] 36#36: gracefully shutting down
2025/05/08 17:38:28 [notice] 30#30: exiting
2025/05/08 17:38:28 [notice] 37#37: gracefully shutting down
2025/05/08 17:38:28 [notice] 41#41: gracefully shutting down
2025/05/08 17:38:28 [notice] 32#32: exiting
2025/05/08 17:38:28 [notice] 34#34: exiting
2025/05/08 17:38:28 [notice] 39#39: gracefully shutting down
2025/05/08 17:38:28 [notice] 33#33: exiting
2025/05/08 17:38:28 [notice] 35#35: exiting
2025/05/08 17:38:28 [notice] 36#36: exiting
2025/05/08 17:38:28 [notice] 37#37: exiting
2025/05/08 17:38:28 [notice] 28#28: exit
2025/05/08 17:38:28 [notice] 31#31: exit
2025/05/08 17:38:28 [notice] 41#41: exiting
2025/05/08 17:38:28 [notice] 29#29: exit
2025/05/08 17:38:28 [notice] 39#39: exiting
2025/05/08 17:38:28 [notice] 30#30: exit
2025/05/08 17:38:28 [notice] 43#43: gracefully shutting down
2025/05/08 17:38:28 [notice] 34#34: exit
2025/05/08 17:38:28 [notice] 32#32: exit
2025/05/08 17:38:28 [notice] 33#33: exit
2025/05/08 17:38:28 [notice] 35#35: exit
2025/05/08 17:38:28 [notice] 36#36: exit
2025/05/08 17:38:28 [notice] 37#37: exit
2025/05/08 17:38:28 [notice] 43#43: exiting
2025/05/08 17:38:28 [notice] 41#41: exit
2025/05/08 17:38:28 [notice] 39#39: exit
2025/05/08 17:38:28 [notice] 43#43: exit
2025/05/08 17:38:28 [notice] 38#38: gracefully shutting down
2025/05/08 17:38:28 [notice] 40#40: gracefully shutting down
2025/05/08 17:38:28 [notice] 38#38: exiting
2025/05/08 17:38:28 [notice] 40#40: exiting
2025/05/08 17:38:28 [notice] 40#40: exit
2025/05/08 17:38:28 [notice] 38#38: exit
2025/05/08 17:38:28 [notice] 42#42: gracefully shutting down
2025/05/08 17:38:28 [notice] 42#42: exiting
2025/05/08 17:38:28 [notice] 42#42: exit
2025/05/08 17:38:29 [notice] 1#1: signal 17 (SIGCHLD) received from 38
2025/05/08 17:38:29 [notice] 1#1: worker process 29 exited with code 0
2025/05/08 17:38:29 [notice] 1#1: worker process 31 exited with code 0
2025/05/08 17:38:29 [notice] 1#1: worker process 32 exited with code 0
2025/05/08 17:38:29 [notice] 1#1: worker process 37 exited with code 0
2025/05/08 17:38:29 [notice] 1#1: worker process 38 exited with code 0
2025/05/08 17:38:29 [notice] 1#1: worker process 43 exited with code 0
2025/05/08 17:38:29 [notice] 1#1: signal 29 (SIGIO) received
2025/05/08 17:38:29 [notice] 1#1: signal 17 (SIGCHLD) received from 33
2025/05/08 17:38:29 [notice] 1#1: worker process 33 exited with code 0
2025/05/08 17:38:29 [notice] 1#1: signal 29 (SIGIO) received
2025/05/08 17:38:29 [notice] 1#1: signal 17 (SIGCHLD) received from 36
2025/05/08 17:38:29 [notice] 1#1: worker process 36 exited with code 0
2025/05/08 17:38:29 [notice] 1#1: worker process 42 exited with code 0
2025/05/08 17:38:29 [notice] 1#1: signal 29 (SIGIO) received
2025/05/08 17:38:29 [notice] 1#1: signal 17 (SIGCHLD) received from 39
2025/05/08 17:38:29 [notice] 1#1: worker process 30 exited with code 0
2025/05/08 17:38:29 [notice] 1#1: worker process 39 exited with code 0
2025/05/08 17:38:29 [notice] 1#1: worker process 40 exited with code 0
2025/05/08 17:38:29 [notice] 1#1: signal 29 (SIGIO) received
2025/05/08 17:38:29 [notice] 1#1: signal 17 (SIGCHLD) received from 30
2025/05/08 17:38:29 [notice] 1#1: signal 17 (SIGCHLD) received from 41
2025/05/08 17:38:29 [notice] 1#1: worker process 41 exited with code 0
2025/05/08 17:38:29 [notice] 1#1: signal 29 (SIGIO) received
2025/05/08 17:38:29 [notice] 1#1: signal 17 (SIGCHLD) received from 34
2025/05/08 17:38:29 [notice] 1#1: worker process 34 exited with code 0
2025/05/08 17:38:29 [notice] 1#1: signal 29 (SIGIO) received
2025/05/08 17:38:29 [notice] 1#1: signal 17 (SIGCHLD) received from 35
2025/05/08 17:38:29 [notice] 1#1: worker process 35 exited with code 0
2025/05/08 17:38:29 [notice] 1#1: signal 17 (SIGCHLD) received from 28
2025/05/08 17:38:29 [notice] 1#1: worker process 28 exited with code 0
2025/05/08 17:38:29 [notice] 1#1: exit
2025/05/08 17:38:51 [warn] 1#1: duplicate extension "html", content type: "text/html", previous content type: "text/html" in /etc/nginx/mime.types:3
2025/05/08 17:38:51 [warn] 1#1: duplicate extension "htm", content type: "text/html", previous content type: "text/html" in /etc/nginx/mime.types:3
2025/05/08 17:38:51 [warn] 1#1: duplicate extension "shtml", content type: "text/html", previous content type: "text/html" in /etc/nginx/mime.types:3
2025/05/08 17:38:51 [warn] 1#1: duplicate extension "css", content type: "text/css", previous content type: "text/css" in /etc/nginx/mime.types:4
2025/05/08 17:38:51 [warn] 1#1: duplicate extension "xml", content type: "text/xml", previous content type: "text/xml" in /etc/nginx/mime.types:5
2025/05/08 17:38:51 [warn] 1#1: duplicate extension "gif", content type: "image/gif", previous content type: "image/gif" in /etc/nginx/mime.types:6
2025/05/08 17:38:51 [warn] 1#1: duplicate extension "jpeg", content type: "image/jpeg", previous content type: "image/jpeg" in /etc/nginx/mime.types:7
2025/05/08 17:38:51 [warn] 1#1: duplicate extension "jpg", content type: "image/jpeg", previous content type: "image/jpeg" in /etc/nginx/mime.types:7
2025/05/08 17:38:51 [warn] 1#1: duplicate extension "js", content type: "application/javascript", previous content type: "application/javascript" in /etc/nginx/mime.types:8
2025/05/08 17:38:51 [warn] 1#1: duplicate extension "atom", content type: "application/atom+xml", previous content type: "application/atom+xml" in /etc/nginx/mime.types:9
2025/05/08 17:38:51 [warn] 1#1: duplicate extension "rss", content type: "application/rss+xml", previous content type: "application/rss+xml" in /etc/nginx/mime.types:10
2025/05/08 17:38:51 [warn] 1#1: duplicate extension "mml", content type: "text/mathml", previous content type: "text/mathml" in /etc/nginx/mime.types:12
2025/05/08 17:38:51 [warn] 1#1: duplicate extension "txt", content type: "text/plain", previous content type: "text/plain" in /etc/nginx/mime.types:13
2025/05/08 17:38:51 [warn] 1#1: duplicate extension "jad", content type: "text/vnd.sun.j2me.app-descriptor", previous content type: "text/vnd.sun.j2me.app-descriptor" in /etc/nginx/mime.types:14
2025/05/08 17:38:51 [warn] 1#1: duplicate extension "wml", content type: "text/vnd.wap.wml", previous content type: "text/vnd.wap.wml" in /etc/nginx/mime.types:15
2025/05/08 17:38:51 [warn] 1#1: duplicate extension "htc", content type: "text/x-component", previous content type: "text/x-component" in /etc/nginx/mime.types:16
2025/05/08 17:38:51 [warn] 1#1: duplicate extension "avif", content type: "image/avif", previous content type: "image/avif" in /etc/nginx/mime.types:18
2025/05/08 17:38:51 [warn] 1#1: duplicate extension "png", content type: "image/png", previous content type: "image/png" in /etc/nginx/mime.types:19
2025/05/08 17:38:51 [warn] 1#1: duplicate extension "svg", content type: "image/svg+xml", previous content type: "image/svg+xml" in /etc/nginx/mime.types:20
2025/05/08 17:38:51 [warn] 1#1: duplicate extension "svgz", content type: "image/svg+xml", previous content type: "image/svg+xml" in /etc/nginx/mime.types:20
2025/05/08 17:38:51 [warn] 1#1: duplicate extension "tif", content type: "image/tiff", previous content type: "image/tiff" in /etc/nginx/mime.types:21
2025/05/08 17:38:51 [warn] 1#1: duplicate extension "tiff", content type: "image/tiff", previous content type: "image/tiff" in /etc/nginx/mime.types:21
2025/05/08 17:38:51 [warn] 1#1: duplicate extension "wbmp", content type: "image/vnd.wap.wbmp", previous content type: "image/vnd.wap.wbmp" in /etc/nginx/mime.types:22
2025/05/08 17:38:51 [warn] 1#1: duplicate extension "webp", content type: "image/webp", previous content type: "image/webp" in /etc/nginx/mime.types:23
2025/05/08 17:38:51 [warn] 1#1: duplicate extension "ico", content type: "image/x-icon", previous content type: "image/x-icon" in /etc/nginx/mime.types:24
2025/05/08 17:38:51 [warn] 1#1: duplicate extension "jng", content type: "image/x-jng", previous content type: "image/x-jng" in /etc/nginx/mime.types:25
2025/05/08 17:38:51 [warn] 1#1: duplicate extension "bmp", content type: "image/x-ms-bmp", previous content type: "image/x-ms-bmp" in /etc/nginx/mime.types:26
2025/05/08 17:38:51 [warn] 1#1: duplicate extension "woff", content type: "font/woff", previous content type: "font/woff" in /etc/nginx/mime.types:28
2025/05/08 17:38:51 [warn] 1#1: duplicate extension "woff2", content type: "font/woff2", previous content type: "font/woff2" in /etc/nginx/mime.types:29
2025/05/08 17:38:51 [warn] 1#1: duplicate extension "jar", content type: "application/java-archive", previous content type: "application/java-archive" in /etc/nginx/mime.types:31
2025/05/08 17:38:51 [warn] 1#1: duplicate extension "war", content type: "application/java-archive", previous content type: "application/java-archive" in /etc/nginx/mime.types:31
2025/05/08 17:38:51 [warn] 1#1: duplicate extension "ear", content type: "application/java-archive", previous content type: "application/java-archive" in /etc/nginx/mime.types:31
2025/05/08 17:38:51 [warn] 1#1: duplicate extension "json", content type: "application/json", previous content type: "application/json" in /etc/nginx/mime.types:32
2025/05/08 17:38:51 [warn] 1#1: duplicate extension "hqx", content type: "application/mac-binhex40", previous content type: "application/mac-binhex40" in /etc/nginx/mime.types:33
2025/05/08 17:38:51 [warn] 1#1: duplicate extension "doc", content type: "application/msword", previous content type: "application/msword" in /etc/nginx/mime.types:34
2025/05/08 17:38:51 [warn] 1#1: duplicate extension "pdf", content type: "application/pdf", previous content type: "application/pdf" in /etc/nginx/mime.types:35
2025/05/08 17:38:51 [warn] 1#1: duplicate extension "ps", content type: "application/postscript", previous content type: "application/postscript" in /etc/nginx/mime.types:36
2025/05/08 17:38:51 [warn] 1#1: duplicate extension "eps", content type: "application/postscript", previous content type: "application/postscript" in /etc/nginx/mime.types:36
2025/05/08 17:38:51 [warn] 1#1: duplicate extension "ai", content type: "application/postscript", previous content type: "application/postscript" in /etc/nginx/mime.types:36
2025/05/08 17:38:51 [warn] 1#1: duplicate extension "rtf", content type: "application/rtf", previous content type: "application/rtf" in /etc/nginx/mime.types:37
2025/05/08 17:38:51 [warn] 1#1: duplicate extension "m3u8", content type: "application/vnd.apple.mpegurl", previous content type: "application/vnd.apple.mpegurl" in /etc/nginx/mime.types:38
2025/05/08 17:38:51 [warn] 1#1: duplicate extension "kml", content type: "application/vnd.google-earth.kml+xml", previous content type: "application/vnd.google-earth.kml+xml" in /etc/nginx/mime.types:39
2025/05/08 17:38:51 [warn] 1#1: duplicate extension "kmz", content type: "application/vnd.google-earth.kmz", previous content type: "application/vnd.google-earth.kmz" in /etc/nginx/mime.types:40
2025/05/08 17:38:51 [warn] 1#1: duplicate extension "xls", content type: "application/vnd.ms-excel", previous content type: "application/vnd.ms-excel" in /etc/nginx/mime.types:41
2025/05/08 17:38:51 [warn] 1#1: duplicate extension "eot", content type: "application/vnd.ms-fontobject", previous content type: "application/vnd.ms-fontobject" in /etc/nginx/mime.types:42
2025/05/08 17:38:51 [warn] 1#1: duplicate extension "ppt", content type: "application/vnd.ms-powerpoint", previous content type: "application/vnd.ms-powerpoint" in /etc/nginx/mime.types:43
2025/05/08 17:38:51 [warn] 1#1: duplicate extension "odg", content type: "application/vnd.oasis.opendocument.graphics", previous content type: "application/vnd.oasis.opendocument.graphics" in /etc/nginx/mime.types:44
2025/05/08 17:38:51 [warn] 1#1: duplicate extension "odp", content type: "application/vnd.oasis.opendocument.presentation", previous content type: "application/vnd.oasis.opendocument.presentation" in /etc/nginx/mime.types:45
2025/05/08 17:38:51 [warn] 1#1: duplicate extension "ods", content type: "application/vnd.oasis.opendocument.spreadsheet", previous content type: "application/vnd.oasis.opendocument.spreadsheet" in /etc/nginx/mime.types:46
2025/05/08 17:38:51 [warn] 1#1: duplicate extension "odt", content type: "application/vnd.oasis.opendocument.text", previous content type: "application/vnd.oasis.opendocument.text" in /etc/nginx/mime.types:47
2025/05/08 17:38:51 [warn] 1#1: duplicate extension "pptx", content type: "application/vnd.openxmlformats-officedocument.presentationml.presentation", previous content type: "application/vnd.openxmlformats-officedocument.presentationml.presentation" in /etc/nginx/mime.types:49
2025/05/08 17:38:51 [warn] 1#1: duplicate extension "xlsx", content type: "application/vnd.openxmlformats-officedocument.spreadsheetml.sheet", previous content type: "application/vnd.openxmlformats-officedocument.spreadsheetml.sheet" in /etc/nginx/mime.types:51
2025/05/08 17:38:51 [warn] 1#1: duplicate extension "docx", content type: "application/vnd.openxmlformats-officedocument.wordprocessingml.document", previous content type: "application/vnd.openxmlformats-officedocument.wordprocessingml.document" in /etc/nginx/mime.types:53
2025/05/08 17:38:51 [warn] 1#1: duplicate extension "wmlc", content type: "application/vnd.wap.wmlc", previous content type: "application/vnd.wap.wmlc" in /etc/nginx/mime.types:54
2025/05/08 17:38:51 [warn] 1#1: duplicate extension "wasm", content type: "application/wasm", previous content type: "application/wasm" in /etc/nginx/mime.types:55
2025/05/08 17:38:51 [warn] 1#1: duplicate extension "7z", content type: "application/x-7z-compressed", previous content type: "application/x-7z-compressed" in /etc/nginx/mime.types:56
2025/05/08 17:38:51 [warn] 1#1: duplicate extension "cco", content type: "application/x-cocoa", previous content type: "application/x-cocoa" in /etc/nginx/mime.types:57
2025/05/08 17:38:51 [warn] 1#1: duplicate extension "jardiff", content type: "application/x-java-archive-diff", previous content type: "application/x-java-archive-diff" in /etc/nginx/mime.types:58
2025/05/08 17:38:51 [warn] 1#1: duplicate extension "jnlp", content type: "application/x-java-jnlp-file", previous content type: "application/x-java-jnlp-file" in /etc/nginx/mime.types:59
2025/05/08 17:38:51 [warn] 1#1: duplicate extension "run", content type: "application/x-makeself", previous content type: "application/x-makeself" in /etc/nginx/mime.types:60
2025/05/08 17:38:51 [warn] 1#1: duplicate extension "pl", content type: "application/x-perl", previous content type: "application/x-perl" in /etc/nginx/mime.types:61
2025/05/08 17:38:51 [warn] 1#1: duplicate extension "pm", content type: "application/x-perl", previous content type: "application/x-perl" in /etc/nginx/mime.types:61
2025/05/08 17:38:51 [warn] 1#1: duplicate extension "prc", content type: "application/x-pilot", previous content type: "application/x-pilot" in /etc/nginx/mime.types:62
2025/05/08 17:38:51 [warn] 1#1: duplicate extension "pdb", content type: "application/x-pilot", previous content type: "application/x-pilot" in /etc/nginx/mime.types:62
2025/05/08 17:38:51 [warn] 1#1: duplicate extension "rar", content type: "application/x-rar-compressed", previous content type: "application/x-rar-compressed" in /etc/nginx/mime.types:63
2025/05/08 17:38:51 [warn] 1#1: duplicate extension "rpm", content type: "application/x-redhat-package-manager", previous content type: "application/x-redhat-package-manager" in /etc/nginx/mime.types:64
2025/05/08 17:38:51 [warn] 1#1: duplicate extension "sea", content type: "application/x-sea", previous content type: "application/x-sea" in /etc/nginx/mime.types:65
2025/05/08 17:38:51 [warn] 1#1: duplicate extension "swf", content type: "application/x-shockwave-flash", previous content type: "application/x-shockwave-flash" in /etc/nginx/mime.types:66
2025/05/08 17:38:51 [warn] 1#1: duplicate extension "sit", content type: "application/x-stuffit", previous content type: "application/x-stuffit" in /etc/nginx/mime.types:67
2025/05/08 17:38:51 [warn] 1#1: duplicate extension "tcl", content type: "application/x-tcl", previous content type: "application/x-tcl" in /etc/nginx/mime.types:68
2025/05/08 17:38:51 [warn] 1#1: duplicate extension "tk", content type: "application/x-tcl", previous content type: "application/x-tcl" in /etc/nginx/mime.types:68
2025/05/08 17:38:51 [warn] 1#1: duplicate extension "der", content type: "application/x-x509-ca-cert", previous content type: "application/x-x509-ca-cert" in /etc/nginx/mime.types:69
2025/05/08 17:38:51 [warn] 1#1: duplicate extension "pem", content type: "application/x-x509-ca-cert", previous content type: "application/x-x509-ca-cert" in /etc/nginx/mime.types:69
2025/05/08 17:38:51 [warn] 1#1: duplicate extension "crt", content type: "application/x-x509-ca-cert", previous content type: "application/x-x509-ca-cert" in /etc/nginx/mime.types:69
2025/05/08 17:38:51 [warn] 1#1: duplicate extension "xpi", content type: "application/x-xpinstall", previous content type: "application/x-xpinstall" in /etc/nginx/mime.types:70
2025/05/08 17:38:51 [warn] 1#1: duplicate extension "xhtml", content type: "application/xhtml+xml", previous content type: "application/xhtml+xml" in /etc/nginx/mime.types:71
2025/05/08 17:38:51 [warn] 1#1: duplicate extension "xspf", content type: "application/xspf+xml", previous content type: "application/xspf+xml" in /etc/nginx/mime.types:72
2025/05/08 17:38:51 [warn] 1#1: duplicate extension "zip", content type: "application/zip", previous content type: "application/zip" in /etc/nginx/mime.types:73
2025/05/08 17:38:51 [warn] 1#1: duplicate extension "bin", content type: "application/octet-stream", previous content type: "application/octet-stream" in /etc/nginx/mime.types:75
2025/05/08 17:38:51 [warn] 1#1: duplicate extension "exe", content type: "application/octet-stream", previous content type: "application/octet-stream" in /etc/nginx/mime.types:75
2025/05/08 17:38:51 [warn] 1#1: duplicate extension "dll", content type: "application/octet-stream", previous content type: "application/octet-stream" in /etc/nginx/mime.types:75
2025/05/08 17:38:51 [warn] 1#1: duplicate extension "deb", content type: "application/octet-stream", previous content type: "application/octet-stream" in /etc/nginx/mime.types:76
2025/05/08 17:38:51 [warn] 1#1: duplicate extension "dmg", content type: "application/octet-stream", previous content type: "application/octet-stream" in /etc/nginx/mime.types:77
2025/05/08 17:38:51 [warn] 1#1: duplicate extension "iso", content type: "application/octet-stream", previous content type: "application/octet-stream" in /etc/nginx/mime.types:78
2025/05/08 17:38:51 [warn] 1#1: duplicate extension "img", content type: "application/octet-stream", previous content type: "application/octet-stream" in /etc/nginx/mime.types:78
2025/05/08 17:38:51 [warn] 1#1: duplicate extension "msi", content type: "application/octet-stream", previous content type: "application/octet-stream" in /etc/nginx/mime.types:79
2025/05/08 17:38:51 [warn] 1#1: duplicate extension "msp", content type: "application/octet-stream", previous content type: "application/octet-stream" in /etc/nginx/mime.types:79
2025/05/08 17:38:51 [warn] 1#1: duplicate extension "msm", content type: "application/octet-stream", previous content type: "application/octet-stream" in /etc/nginx/mime.types:79
2025/05/08 17:38:51 [warn] 1#1: duplicate extension "mid", content type: "audio/midi", previous content type: "audio/midi" in /etc/nginx/mime.types:81
2025/05/08 17:38:51 [warn] 1#1: duplicate extension "midi", content type: "audio/midi", previous content type: "audio/midi" in /etc/nginx/mime.types:81
2025/05/08 17:38:51 [warn] 1#1: duplicate extension "kar", content type: "audio/midi", previous content type: "audio/midi" in /etc/nginx/mime.types:81
2025/05/08 17:38:51 [warn] 1#1: duplicate extension "mp3", content type: "audio/mpeg", previous content type: "audio/mpeg" in /etc/nginx/mime.types:82
2025/05/08 17:38:51 [warn] 1#1: duplicate extension "ogg", content type: "audio/ogg", previous content type: "audio/ogg" in /etc/nginx/mime.types:83
2025/05/08 17:38:51 [warn] 1#1: duplicate extension "m4a", content type: "audio/x-m4a", previous content type: "audio/x-m4a" in /etc/nginx/mime.types:84
2025/05/08 17:38:51 [warn] 1#1: duplicate extension "ra", content type: "audio/x-realaudio", previous content type: "audio/x-realaudio" in /etc/nginx/mime.types:85
2025/05/08 17:38:51 [warn] 1#1: duplicate extension "3gpp", content type: "video/3gpp", previous content type: "video/3gpp" in /etc/nginx/mime.types:87
2025/05/08 17:38:51 [warn] 1#1: duplicate extension "3gp", content type: "video/3gpp", previous content type: "video/3gpp" in /etc/nginx/mime.types:87
2025/05/08 17:38:51 [warn] 1#1: duplicate extension "ts", content type: "video/mp2t", previous content type: "video/mp2t" in /etc/nginx/mime.types:88
2025/05/08 17:38:51 [warn] 1#1: duplicate extension "mp4", content type: "video/mp4", previous content type: "video/mp4" in /etc/nginx/mime.types:89
2025/05/08 17:38:51 [warn] 1#1: duplicate extension "mpeg", content type: "video/mpeg", previous content type: "video/mpeg" in /etc/nginx/mime.types:90
2025/05/08 17:38:51 [warn] 1#1: duplicate extension "mpg", content type: "video/mpeg", previous content type: "video/mpeg" in /etc/nginx/mime.types:90
2025/05/08 17:38:51 [warn] 1#1: duplicate extension "mov", content type: "video/quicktime", previous content type: "video/quicktime" in /etc/nginx/mime.types:91
2025/05/08 17:38:51 [warn] 1#1: duplicate extension "webm", content type: "video/webm", previous content type: "video/webm" in /etc/nginx/mime.types:92
2025/05/08 17:38:51 [warn] 1#1: duplicate extension "flv", content type: "video/x-flv", previous content type: "video/x-flv" in /etc/nginx/mime.types:93
2025/05/08 17:38:51 [warn] 1#1: duplicate extension "m4v", content type: "video/x-m4v", previous content type: "video/x-m4v" in /etc/nginx/mime.types:94
2025/05/08 17:38:51 [warn] 1#1: duplicate extension "mng", content type: "video/x-mng", previous content type: "video/x-mng" in /etc/nginx/mime.types:95
2025/05/08 17:38:51 [warn] 1#1: duplicate extension "asx", content type: "video/x-ms-asf", previous content type: "video/x-ms-asf" in /etc/nginx/mime.types:96
2025/05/08 17:38:51 [warn] 1#1: duplicate extension "asf", content type: "video/x-ms-asf", previous content type: "video/x-ms-asf" in /etc/nginx/mime.types:96
2025/05/08 17:38:51 [warn] 1#1: duplicate extension "wmv", content type: "video/x-ms-wmv", previous content type: "video/x-ms-wmv" in /etc/nginx/mime.types:97
2025/05/08 17:38:51 [warn] 1#1: duplicate extension "avi", content type: "video/x-msvideo", previous content type: "video/x-msvideo" in /etc/nginx/mime.types:98
2025/05/08 17:38:51 [notice] 1#1: using the "epoll" event method
2025/05/08 17:38:51 [notice] 1#1: nginx/1.27.5
2025/05/08 17:38:51 [notice] 1#1: built by gcc 12.2.0 (Debian 12.2.0-14) 
2025/05/08 17:38:51 [notice] 1#1: OS: Linux 6.12.10-76061203-generic
2025/05/08 17:38:51 [notice] 1#1: getrlimit(RLIMIT_NOFILE): 1048576:1048576
2025/05/08 17:38:51 [notice] 1#1: start worker processes
2025/05/08 17:38:51 [notice] 1#1: start worker process 28
2025/05/08 17:38:51 [notice] 1#1: start worker process 29
2025/05/08 17:38:51 [notice] 1#1: start worker process 30
2025/05/08 17:38:51 [notice] 1#1: start worker process 31
2025/05/08 17:38:51 [notice] 1#1: start worker process 32
2025/05/08 17:38:51 [notice] 1#1: start worker process 33
2025/05/08 17:38:51 [notice] 1#1: start worker process 34
2025/05/08 17:38:51 [notice] 1#1: start worker process 35
2025/05/08 17:38:51 [notice] 1#1: start worker process 36
2025/05/08 17:38:51 [notice] 1#1: start worker process 37
2025/05/08 17:38:51 [notice] 1#1: start worker process 38
2025/05/08 17:38:51 [notice] 1#1: start worker process 39
2025/05/08 17:38:51 [notice] 1#1: start worker process 40
2025/05/08 17:38:51 [notice] 1#1: start worker process 41
2025/05/08 17:38:51 [notice] 1#1: start worker process 42
2025/05/08 17:38:51 [notice] 1#1: start worker process 43
2025/05/08 17:38:55 [notice] 1#1: signal 3 (SIGQUIT) received, shutting down
2025/05/08 17:38:55 [notice] 28#28: gracefully shutting down
2025/05/08 17:38:55 [notice] 29#29: gracefully shutting down
2025/05/08 17:38:55 [notice] 30#30: gracefully shutting down
2025/05/08 17:38:55 [notice] 28#28: exiting
2025/05/08 17:38:55 [notice] 29#29: exiting
2025/05/08 17:38:55 [notice] 30#30: exiting
2025/05/08 17:38:55 [notice] 35#35: gracefully shutting down
2025/05/08 17:38:55 [notice] 36#36: gracefully shutting down
2025/05/08 17:38:55 [notice] 37#37: gracefully shutting down
2025/05/08 17:38:55 [notice] 35#35: exiting
2025/05/08 17:38:55 [notice] 28#28: exit
2025/05/08 17:38:55 [notice] 29#29: exit
2025/05/08 17:38:55 [notice] 36#36: exiting
2025/05/08 17:38:55 [notice] 37#37: exiting
2025/05/08 17:38:55 [notice] 31#31: gracefully shutting down
2025/05/08 17:38:55 [notice] 30#30: exit
2025/05/08 17:38:55 [notice] 31#31: exiting
2025/05/08 17:38:55 [notice] 35#35: exit
2025/05/08 17:38:55 [notice] 37#37: exit
2025/05/08 17:38:55 [notice] 36#36: exit
2025/05/08 17:38:55 [notice] 31#31: exit
2025/05/08 17:38:55 [notice] 32#32: gracefully shutting down
2025/05/08 17:38:55 [notice] 32#32: exiting
2025/05/08 17:38:55 [notice] 32#32: exit
2025/05/08 17:38:55 [notice] 34#34: gracefully shutting down
2025/05/08 17:38:55 [notice] 38#38: gracefully shutting down
2025/05/08 17:38:55 [notice] 34#34: exiting
2025/05/08 17:38:55 [notice] 38#38: exiting
2025/05/08 17:38:55 [notice] 33#33: gracefully shutting down
2025/05/08 17:38:55 [notice] 33#33: exiting
2025/05/08 17:38:55 [notice] 34#34: exit
2025/05/08 17:38:55 [notice] 38#38: exit
2025/05/08 17:38:55 [notice] 33#33: exit
2025/05/08 17:38:55 [notice] 39#39: gracefully shutting down
2025/05/08 17:38:55 [notice] 39#39: exiting
2025/05/08 17:38:55 [notice] 42#42: gracefully shutting down
2025/05/08 17:38:55 [notice] 41#41: gracefully shutting down
2025/05/08 17:38:55 [notice] 40#40: gracefully shutting down
2025/05/08 17:38:55 [notice] 39#39: exit
2025/05/08 17:38:55 [notice] 42#42: exiting
2025/05/08 17:38:55 [notice] 41#41: exiting
2025/05/08 17:38:55 [notice] 40#40: exiting
2025/05/08 17:38:55 [notice] 41#41: exit
2025/05/08 17:38:55 [notice] 40#40: exit
2025/05/08 17:38:55 [notice] 42#42: exit
2025/05/08 17:38:55 [notice] 43#43: gracefully shutting down
2025/05/08 17:38:55 [notice] 43#43: exiting
2025/05/08 17:38:55 [notice] 43#43: exit
2025/05/08 17:38:55 [notice] 1#1: signal 17 (SIGCHLD) received from 30
2025/05/08 17:38:55 [notice] 1#1: worker process 30 exited with code 0
2025/05/08 17:38:55 [notice] 1#1: worker process 35 exited with code 0
2025/05/08 17:38:55 [notice] 1#1: signal 29 (SIGIO) received
2025/05/08 17:38:55 [notice] 1#1: signal 17 (SIGCHLD) received from 33
2025/05/08 17:38:55 [notice] 1#1: worker process 33 exited with code 0
2025/05/08 17:38:55 [notice] 1#1: signal 29 (SIGIO) received
2025/05/08 17:38:55 [notice] 1#1: signal 17 (SIGCHLD) received from 39
2025/05/08 17:38:55 [notice] 1#1: worker process 31 exited with code 0
2025/05/08 17:38:55 [notice] 1#1: worker process 29 exited with code 0
2025/05/08 17:38:55 [notice] 1#1: worker process 37 exited with code 0
2025/05/08 17:38:55 [notice] 1#1: worker process 39 exited with code 0
2025/05/08 17:38:55 [notice] 1#1: worker process 34 exited with code 0
2025/05/08 17:38:55 [notice] 1#1: worker process 32 exited with code 0
2025/05/08 17:38:55 [notice] 1#1: worker process 40 exited with code 0
2025/05/08 17:38:55 [notice] 1#1: worker process 41 exited with code 0
2025/05/08 17:38:55 [notice] 1#1: worker process 42 exited with code 0
2025/05/08 17:38:55 [notice] 1#1: signal 29 (SIGIO) received
2025/05/08 17:38:55 [notice] 1#1: signal 17 (SIGCHLD) received from 40
2025/05/08 17:38:55 [notice] 1#1: signal 17 (SIGCHLD) received from 36
2025/05/08 17:38:55 [notice] 1#1: worker process 36 exited with code 0
2025/05/08 17:38:55 [notice] 1#1: signal 29 (SIGIO) received
2025/05/08 17:38:55 [notice] 1#1: signal 17 (SIGCHLD) received from 43
2025/05/08 17:38:55 [notice] 1#1: worker process 38 exited with code 0
2025/05/08 17:38:55 [notice] 1#1: worker process 43 exited with code 0
2025/05/08 17:38:55 [notice] 1#1: signal 17 (SIGCHLD) received from 38
2025/05/08 17:38:55 [notice] 1#1: worker process 28 exited with code 0
2025/05/08 17:38:55 [notice] 1#1: exit
2025/05/08 17:39:11 [notice] 1#1: using the "epoll" event method
2025/05/08 17:39:11 [notice] 1#1: nginx/1.27.5
2025/05/08 17:39:11 [notice] 1#1: built by gcc 12.2.0 (Debian 12.2.0-14) 
2025/05/08 17:39:11 [notice] 1#1: OS: Linux 6.12.10-76061203-generic
2025/05/08 17:39:11 [notice] 1#1: getrlimit(RLIMIT_NOFILE): 1048576:1048576
2025/05/08 17:39:11 [notice] 1#1: start worker processes
2025/05/08 17:39:11 [notice] 1#1: start worker process 28
2025/05/08 17:39:11 [notice] 1#1: start worker process 29
2025/05/08 17:39:11 [notice] 1#1: start worker process 30
2025/05/08 17:39:11 [notice] 1#1: start worker process 31
2025/05/08 17:39:11 [notice] 1#1: start worker process 32
2025/05/08 17:39:11 [notice] 1#1: start worker process 33
2025/05/08 17:39:11 [notice] 1#1: start worker process 34
2025/05/08 17:39:11 [notice] 1#1: start worker process 35
2025/05/08 17:39:11 [notice] 1#1: start worker process 36
2025/05/08 17:39:11 [notice] 1#1: start worker process 37
2025/05/08 17:39:11 [notice] 1#1: start worker process 38
2025/05/08 17:39:11 [notice] 1#1: start worker process 39
2025/05/08 17:39:11 [notice] 1#1: start worker process 40
2025/05/08 17:39:11 [notice] 1#1: start worker process 41
2025/05/08 17:39:11 [notice] 1#1: start worker process 42
2025/05/08 17:39:11 [notice] 1#1: start worker process 43
2025/05/08 17:39:29 [error] 28#28: *1 connect() failed (111: Connection refused) while connecting to upstream, client: 172.20.0.1, server: localhost, request: "GET /health HTTP/1.1", upstream: "http://172.20.0.4:6969/v1/health", host: "localhost"
2025/05/08 17:39:29 [error] 28#28: *1 connect() failed (111: Connection refused) while connecting to upstream, client: 172.20.0.1, server: localhost, request: "GET /health HTTP/1.1", upstream: "http://172.20.0.4:1235/v1/health", host: "localhost"
2025/05/08 17:39:41 [error] 28#28: *1 connect() failed (111: Connection refused) while connecting to upstream, client: 172.20.0.1, server: localhost, request: "GET /health HTTP/1.1", upstream: "http://172.20.0.4:1235/v1/health", host: "localhost"
2025/05/08 17:39:41 [error] 28#28: *1 connect() failed (111: Connection refused) while connecting to upstream, client: 172.20.0.1, server: localhost, request: "GET /health HTTP/1.1", upstream: "http://172.20.0.4:6969/v1/health", host: "localhost"
2025/05/08 17:39:44 [notice] 1#1: signal 3 (SIGQUIT) received, shutting down
2025/05/08 17:39:44 [notice] 28#28: gracefully shutting down
2025/05/08 17:39:44 [notice] 29#29: gracefully shutting down
2025/05/08 17:39:44 [notice] 30#30: gracefully shutting down
2025/05/08 17:39:44 [notice] 31#31: gracefully shutting down
2025/05/08 17:39:44 [notice] 29#29: exiting
2025/05/08 17:39:44 [notice] 30#30: exiting
2025/05/08 17:39:44 [notice] 36#36: gracefully shutting down
2025/05/08 17:39:44 [notice] 31#31: exiting
2025/05/08 17:39:44 [notice] 38#38: gracefully shutting down
2025/05/08 17:39:44 [notice] 28#28: exiting
2025/05/08 17:39:44 [notice] 37#37: gracefully shutting down
2025/05/08 17:39:44 [notice] 36#36: exiting
2025/05/08 17:39:44 [notice] 41#41: gracefully shutting down
2025/05/08 17:39:44 [notice] 38#38: exiting
2025/05/08 17:39:44 [notice] 32#32: gracefully shutting down
2025/05/08 17:39:44 [notice] 29#29: exit
2025/05/08 17:39:44 [notice] 37#37: exiting
2025/05/08 17:39:44 [notice] 30#30: exit
2025/05/08 17:39:44 [notice] 31#31: exit
2025/05/08 17:39:44 [notice] 41#41: exiting
2025/05/08 17:39:44 [notice] 28#28: exit
2025/05/08 17:39:44 [notice] 32#32: exiting
2025/05/08 17:39:44 [notice] 36#36: exit
2025/05/08 17:39:44 [notice] 38#38: exit
2025/05/08 17:39:44 [notice] 35#35: gracefully shutting down
2025/05/08 17:39:44 [notice] 37#37: exit
2025/05/08 17:39:44 [notice] 35#35: exiting
2025/05/08 17:39:44 [notice] 32#32: exit
2025/05/08 17:39:44 [notice] 41#41: exit
2025/05/08 17:39:44 [notice] 35#35: exit
2025/05/08 17:39:44 [notice] 33#33: gracefully shutting down
2025/05/08 17:39:44 [notice] 42#42: gracefully shutting down
2025/05/08 17:39:44 [notice] 33#33: exiting
2025/05/08 17:39:44 [notice] 42#42: exiting
2025/05/08 17:39:44 [notice] 33#33: exit
2025/05/08 17:39:44 [notice] 42#42: exit
2025/05/08 17:39:44 [notice] 40#40: gracefully shutting down
2025/05/08 17:39:44 [notice] 40#40: exiting
2025/05/08 17:39:44 [notice] 34#34: gracefully shutting down
2025/05/08 17:39:44 [notice] 34#34: exiting
2025/05/08 17:39:44 [notice] 39#39: gracefully shutting down
2025/05/08 17:39:44 [notice] 40#40: exit
2025/05/08 17:39:44 [notice] 39#39: exiting
2025/05/08 17:39:44 [notice] 34#34: exit
2025/05/08 17:39:44 [notice] 39#39: exit
2025/05/08 17:39:44 [notice] 43#43: gracefully shutting down
2025/05/08 17:39:44 [notice] 43#43: exiting
2025/05/08 17:39:44 [notice] 43#43: exit
2025/05/08 17:39:44 [notice] 1#1: signal 17 (SIGCHLD) received from 28
2025/05/08 17:39:44 [notice] 1#1: worker process 28 exited with code 0
2025/05/08 17:39:44 [notice] 1#1: worker process 36 exited with code 0
2025/05/08 17:39:44 [notice] 1#1: signal 29 (SIGIO) received
2025/05/08 17:39:44 [notice] 1#1: signal 17 (SIGCHLD) received from 31
2025/05/08 17:39:44 [notice] 1#1: worker process 31 exited with code 0
2025/05/08 17:39:44 [notice] 1#1: signal 29 (SIGIO) received
2025/05/08 17:39:44 [notice] 1#1: signal 17 (SIGCHLD) received from 29
2025/05/08 17:39:44 [notice] 1#1: worker process 29 exited with code 0
2025/05/08 17:39:44 [notice] 1#1: signal 29 (SIGIO) received
2025/05/08 17:39:44 [notice] 1#1: signal 17 (SIGCHLD) received from 35
2025/05/08 17:39:44 [notice] 1#1: worker process 35 exited with code 0
2025/05/08 17:39:44 [notice] 1#1: worker process 37 exited with code 0
2025/05/08 17:39:44 [notice] 1#1: worker process 40 exited with code 0
2025/05/08 17:39:44 [notice] 1#1: worker process 41 exited with code 0
2025/05/08 17:39:44 [notice] 1#1: worker process 42 exited with code 0
2025/05/08 17:39:44 [notice] 1#1: signal 29 (SIGIO) received
2025/05/08 17:39:44 [notice] 1#1: signal 17 (SIGCHLD) received from 42
2025/05/08 17:39:44 [notice] 1#1: signal 17 (SIGCHLD) received from 30
2025/05/08 17:39:44 [notice] 1#1: worker process 30 exited with code 0
2025/05/08 17:39:44 [notice] 1#1: signal 29 (SIGIO) received
2025/05/08 17:39:44 [notice] 1#1: signal 17 (SIGCHLD) received from 34
2025/05/08 17:39:44 [notice] 1#1: worker process 32 exited with code 0
2025/05/08 17:39:44 [notice] 1#1: worker process 33 exited with code 0
2025/05/08 17:39:44 [notice] 1#1: worker process 34 exited with code 0
2025/05/08 17:39:44 [notice] 1#1: worker process 38 exited with code 0
2025/05/08 17:39:44 [notice] 1#1: worker process 43 exited with code 0
2025/05/08 17:39:44 [notice] 1#1: signal 29 (SIGIO) received
2025/05/08 17:39:44 [notice] 1#1: signal 17 (SIGCHLD) received from 39
2025/05/08 17:39:44 [notice] 1#1: worker process 39 exited with code 0
2025/05/08 17:39:44 [notice] 1#1: exit
2025/05/08 17:43:01 [notice] 1#1: using the "epoll" event method
2025/05/08 17:43:01 [notice] 1#1: nginx/1.27.5
2025/05/08 17:43:01 [notice] 1#1: built by gcc 12.2.0 (Debian 12.2.0-14) 
2025/05/08 17:43:01 [notice] 1#1: OS: Linux 6.12.10-76061203-generic
2025/05/08 17:43:01 [notice] 1#1: getrlimit(RLIMIT_NOFILE): 1048576:1048576
2025/05/08 17:43:01 [notice] 1#1: start worker processes
2025/05/08 17:43:01 [notice] 1#1: start worker process 28
2025/05/08 17:43:01 [notice] 1#1: start worker process 29
2025/05/08 17:43:01 [notice] 1#1: start worker process 30
2025/05/08 17:43:01 [notice] 1#1: start worker process 31
2025/05/08 17:43:01 [notice] 1#1: start worker process 32
2025/05/08 17:43:01 [notice] 1#1: start worker process 33
2025/05/08 17:43:01 [notice] 1#1: start worker process 34
2025/05/08 17:43:01 [notice] 1#1: start worker process 35
2025/05/08 17:43:01 [notice] 1#1: start worker process 36
2025/05/08 17:43:01 [notice] 1#1: start worker process 37
2025/05/08 17:43:01 [notice] 1#1: start worker process 38
2025/05/08 17:43:01 [notice] 1#1: start worker process 39
2025/05/08 17:43:01 [notice] 1#1: start worker process 40
2025/05/08 17:43:01 [notice] 1#1: start worker process 41
2025/05/08 17:43:01 [notice] 1#1: start worker process 42
2025/05/08 17:43:01 [notice] 1#1: start worker process 43
2025/05/08 17:43:09 [error] 28#28: *1 connect() failed (111: Connection refused) while connecting to upstream, client: 172.20.0.1, server: localhost, request: "GET /health HTTP/1.1", upstream: "http://172.20.0.5:6969/v1/health", host: "localhost"
2025/05/08 17:43:09 [error] 28#28: *1 connect() failed (111: Connection refused) while connecting to upstream, client: 172.20.0.1, server: localhost, request: "GET /health HTTP/1.1", upstream: "http://172.20.0.5:1235/v1/health", host: "localhost"
2025/05/08 17:43:15 [notice] 1#1: signal 3 (SIGQUIT) received, shutting down
2025/05/08 17:43:15 [notice] 28#28: gracefully shutting down
2025/05/08 17:43:15 [notice] 29#29: gracefully shutting down
2025/05/08 17:43:15 [notice] 30#30: gracefully shutting down
2025/05/08 17:43:15 [notice] 32#32: gracefully shutting down
2025/05/08 17:43:15 [notice] 29#29: exiting
2025/05/08 17:43:15 [notice] 31#31: gracefully shutting down
2025/05/08 17:43:15 [notice] 33#33: gracefully shutting down
2025/05/08 17:43:15 [notice] 34#34: gracefully shutting down
2025/05/08 17:43:15 [notice] 35#35: gracefully shutting down
2025/05/08 17:43:15 [notice] 30#30: exiting
2025/05/08 17:43:15 [notice] 32#32: exiting
2025/05/08 17:43:15 [notice] 31#31: exiting
2025/05/08 17:43:15 [notice] 28#28: exiting
2025/05/08 17:43:15 [notice] 33#33: exiting
2025/05/08 17:43:15 [notice] 34#34: exiting
2025/05/08 17:43:15 [notice] 35#35: exiting
2025/05/08 17:43:15 [notice] 36#36: gracefully shutting down
2025/05/08 17:43:15 [notice] 29#29: exit
2025/05/08 17:43:15 [notice] 28#28: exit
2025/05/08 17:43:15 [notice] 36#36: exiting
2025/05/08 17:43:15 [notice] 30#30: exit
2025/05/08 17:43:15 [notice] 32#32: exit
2025/05/08 17:43:15 [notice] 34#34: exit
2025/05/08 17:43:15 [notice] 31#31: exit
2025/05/08 17:43:15 [notice] 36#36: exit
2025/05/08 17:43:15 [notice] 37#37: gracefully shutting down
2025/05/08 17:43:15 [notice] 37#37: exiting
2025/05/08 17:43:15 [notice] 37#37: exit
2025/05/08 17:43:15 [notice] 33#33: exit
2025/05/08 17:43:15 [notice] 38#38: gracefully shutting down
2025/05/08 17:43:15 [notice] 38#38: exiting
2025/05/08 17:43:15 [notice] 38#38: exit
2025/05/08 17:43:15 [notice] 35#35: exit
2025/05/08 17:43:15 [notice] 39#39: gracefully shutting down
2025/05/08 17:43:15 [notice] 40#40: gracefully shutting down
2025/05/08 17:43:15 [notice] 39#39: exiting
2025/05/08 17:43:15 [notice] 40#40: exiting
2025/05/08 17:43:15 [notice] 39#39: exit
2025/05/08 17:43:15 [notice] 40#40: exit
2025/05/08 17:43:15 [notice] 41#41: gracefully shutting down
2025/05/08 17:43:15 [notice] 43#43: gracefully shutting down
2025/05/08 17:43:15 [notice] 42#42: gracefully shutting down
2025/05/08 17:43:15 [notice] 41#41: exiting
2025/05/08 17:43:15 [notice] 43#43: exiting
2025/05/08 17:43:15 [notice] 42#42: exiting
2025/05/08 17:43:15 [notice] 43#43: exit
2025/05/08 17:43:15 [notice] 41#41: exit
2025/05/08 17:43:15 [notice] 42#42: exit
2025/05/08 17:43:15 [notice] 1#1: signal 17 (SIGCHLD) received from 35
2025/05/08 17:43:15 [notice] 1#1: worker process 30 exited with code 0
2025/05/08 17:43:15 [notice] 1#1: worker process 34 exited with code 0
2025/05/08 17:43:15 [notice] 1#1: worker process 29 exited with code 0
2025/05/08 17:43:15 [notice] 1#1: worker process 35 exited with code 0
2025/05/08 17:43:15 [notice] 1#1: signal 29 (SIGIO) received
2025/05/08 17:43:15 [notice] 1#1: signal 17 (SIGCHLD) received from 34
2025/05/08 17:43:15 [notice] 1#1: signal 17 (SIGCHLD) received from 28
2025/05/08 17:43:15 [notice] 1#1: worker process 28 exited with code 0
2025/05/08 17:43:15 [notice] 1#1: worker process 36 exited with code 0
2025/05/08 17:43:15 [notice] 1#1: worker process 38 exited with code 0
2025/05/08 17:43:15 [notice] 1#1: worker process 37 exited with code 0
2025/05/08 17:43:15 [notice] 1#1: worker process 39 exited with code 0
2025/05/08 17:43:15 [notice] 1#1: worker process 40 exited with code 0
2025/05/08 17:43:15 [notice] 1#1: worker process 42 exited with code 0
2025/05/08 17:43:15 [notice] 1#1: worker process 43 exited with code 0
2025/05/08 17:43:15 [notice] 1#1: signal 29 (SIGIO) received
2025/05/08 17:43:15 [notice] 1#1: signal 17 (SIGCHLD) received from 36
2025/05/08 17:43:15 [notice] 1#1: signal 17 (SIGCHLD) received from 41
2025/05/08 17:43:15 [notice] 1#1: worker process 41 exited with code 0
2025/05/08 17:43:15 [notice] 1#1: worker process 31 exited with code 0
2025/05/08 17:43:15 [notice] 1#1: worker process 33 exited with code 0
2025/05/08 17:43:15 [notice] 1#1: signal 29 (SIGIO) received
2025/05/08 17:43:15 [notice] 1#1: signal 17 (SIGCHLD) received from 33
2025/05/08 17:43:15 [notice] 1#1: signal 17 (SIGCHLD) received from 32
2025/05/08 17:43:15 [notice] 1#1: worker process 32 exited with code 0
2025/05/08 17:43:15 [notice] 1#1: exit
2025/05/08 17:44:27 [notice] 1#1: using the "epoll" event method
2025/05/08 17:44:27 [notice] 1#1: nginx/1.27.5
2025/05/08 17:44:27 [notice] 1#1: built by gcc 12.2.0 (Debian 12.2.0-14) 
2025/05/08 17:44:27 [notice] 1#1: OS: Linux 6.12.10-76061203-generic
2025/05/08 17:44:27 [notice] 1#1: getrlimit(RLIMIT_NOFILE): 1048576:1048576
2025/05/08 17:44:27 [notice] 1#1: start worker processes
2025/05/08 17:44:27 [notice] 1#1: start worker process 28
2025/05/08 17:44:27 [notice] 1#1: start worker process 29
2025/05/08 17:44:27 [notice] 1#1: start worker process 30
2025/05/08 17:44:27 [notice] 1#1: start worker process 31
2025/05/08 17:44:27 [notice] 1#1: start worker process 32
2025/05/08 17:44:27 [notice] 1#1: start worker process 33
2025/05/08 17:44:27 [notice] 1#1: start worker process 34
2025/05/08 17:44:27 [notice] 1#1: start worker process 35
2025/05/08 17:44:27 [notice] 1#1: start worker process 36
2025/05/08 17:44:27 [notice] 1#1: start worker process 37
2025/05/08 17:44:27 [notice] 1#1: start worker process 38
2025/05/08 17:44:27 [notice] 1#1: start worker process 39
2025/05/08 17:44:27 [notice] 1#1: start worker process 40
2025/05/08 17:44:27 [notice] 1#1: start worker process 41
2025/05/08 17:44:27 [notice] 1#1: start worker process 42
2025/05/08 17:44:27 [notice] 1#1: start worker process 43
2025/05/08 17:44:31 [error] 28#28: *1 connect() failed (111: Connection refused) while connecting to upstream, client: 172.20.0.1, server: localhost, request: "GET /health HTTP/1.1", upstream: "http://172.20.0.5:6969/v1/health", host: "localhost"
2025/05/08 17:44:31 [error] 28#28: *1 connect() failed (111: Connection refused) while connecting to upstream, client: 172.20.0.1, server: localhost, request: "GET /health HTTP/1.1", upstream: "http://172.20.0.5:1235/v1/health", host: "localhost"
2025/05/08 17:45:45 [notice] 1#1: signal 3 (SIGQUIT) received, shutting down
2025/05/08 17:45:45 [notice] 28#28: gracefully shutting down
2025/05/08 17:45:45 [notice] 29#29: gracefully shutting down
2025/05/08 17:45:45 [notice] 30#30: gracefully shutting down
2025/05/08 17:45:45 [notice] 31#31: gracefully shutting down
2025/05/08 17:45:45 [notice] 32#32: gracefully shutting down
2025/05/08 17:45:45 [notice] 28#28: exiting
2025/05/08 17:45:45 [notice] 36#36: gracefully shutting down
2025/05/08 17:45:45 [notice] 29#29: exiting
2025/05/08 17:45:45 [notice] 30#30: exiting
2025/05/08 17:45:45 [notice] 31#31: exiting
2025/05/08 17:45:45 [notice] 32#32: exiting
2025/05/08 17:45:45 [notice] 36#36: exiting
2025/05/08 17:45:45 [notice] 33#33: gracefully shutting down
2025/05/08 17:45:45 [notice] 28#28: exit
2025/05/08 17:45:45 [notice] 30#30: exit
2025/05/08 17:45:45 [notice] 29#29: exit
2025/05/08 17:45:45 [notice] 31#31: exit
2025/05/08 17:45:45 [notice] 36#36: exit
2025/05/08 17:45:45 [notice] 32#32: exit
2025/05/08 17:45:45 [notice] 33#33: exiting
2025/05/08 17:45:45 [notice] 33#33: exit
2025/05/08 17:45:45 [notice] 37#37: gracefully shutting down
2025/05/08 17:45:45 [notice] 34#34: gracefully shutting down
2025/05/08 17:45:45 [notice] 37#37: exiting
2025/05/08 17:45:45 [notice] 34#34: exiting
2025/05/08 17:45:45 [notice] 37#37: exit
2025/05/08 17:45:45 [notice] 34#34: exit
2025/05/08 17:45:45 [notice] 35#35: gracefully shutting down
2025/05/08 17:45:45 [notice] 35#35: exiting
2025/05/08 17:45:45 [notice] 35#35: exit
2025/05/08 17:45:45 [notice] 38#38: gracefully shutting down
2025/05/08 17:45:45 [notice] 40#40: gracefully shutting down
2025/05/08 17:45:45 [notice] 39#39: gracefully shutting down
2025/05/08 17:45:45 [notice] 38#38: exiting
2025/05/08 17:45:45 [notice] 40#40: exiting
2025/05/08 17:45:45 [notice] 39#39: exiting
2025/05/08 17:45:45 [notice] 38#38: exit
2025/05/08 17:45:45 [notice] 40#40: exit
2025/05/08 17:45:45 [notice] 39#39: exit
2025/05/08 17:45:45 [notice] 41#41: gracefully shutting down
2025/05/08 17:45:45 [notice] 41#41: exiting
2025/05/08 17:45:45 [notice] 42#42: gracefully shutting down
2025/05/08 17:45:45 [notice] 42#42: exiting
2025/05/08 17:45:45 [notice] 41#41: exit
2025/05/08 17:45:45 [notice] 43#43: gracefully shutting down
2025/05/08 17:45:45 [notice] 42#42: exit
2025/05/08 17:45:45 [notice] 43#43: exiting
2025/05/08 17:45:45 [notice] 43#43: exit
2025/05/08 17:45:45 [notice] 1#1: signal 17 (SIGCHLD) received from 32
2025/05/08 17:45:45 [notice] 1#1: worker process 32 exited with code 0
2025/05/08 17:45:45 [notice] 1#1: signal 29 (SIGIO) received
2025/05/08 17:45:45 [notice] 1#1: signal 17 (SIGCHLD) received from 34
2025/05/08 17:45:45 [notice] 1#1: worker process 29 exited with code 0
2025/05/08 17:45:45 [notice] 1#1: worker process 30 exited with code 0
2025/05/08 17:45:45 [notice] 1#1: worker process 34 exited with code 0
2025/05/08 17:45:45 [notice] 1#1: worker process 35 exited with code 0
2025/05/08 17:45:45 [notice] 1#1: worker process 38 exited with code 0
2025/05/08 17:45:45 [notice] 1#1: worker process 40 exited with code 0
2025/05/08 17:45:45 [notice] 1#1: signal 29 (SIGIO) received
2025/05/08 17:45:45 [notice] 1#1: signal 17 (SIGCHLD) received from 40
2025/05/08 17:45:45 [notice] 1#1: signal 17 (SIGCHLD) received from 31
2025/05/08 17:45:45 [notice] 1#1: worker process 31 exited with code 0
2025/05/08 17:45:45 [notice] 1#1: worker process 28 exited with code 0
2025/05/08 17:45:45 [notice] 1#1: signal 29 (SIGIO) received
2025/05/08 17:45:45 [notice] 1#1: signal 17 (SIGCHLD) received from 28
2025/05/08 17:45:45 [notice] 1#1: signal 17 (SIGCHLD) received from 43
2025/05/08 17:45:45 [notice] 1#1: worker process 43 exited with code 0
2025/05/08 17:45:45 [notice] 1#1: worker process 37 exited with code 0
2025/05/08 17:45:45 [notice] 1#1: signal 29 (SIGIO) received
2025/05/08 17:45:45 [notice] 1#1: signal 17 (SIGCHLD) received from 37
2025/05/08 17:45:45 [notice] 1#1: signal 17 (SIGCHLD) received from 36
2025/05/08 17:45:45 [notice] 1#1: worker process 36 exited with code 0
2025/05/08 17:45:45 [notice] 1#1: signal 29 (SIGIO) received
2025/05/08 17:45:45 [notice] 1#1: signal 17 (SIGCHLD) received from 39
2025/05/08 17:45:45 [notice] 1#1: worker process 39 exited with code 0
2025/05/08 17:45:45 [notice] 1#1: signal 29 (SIGIO) received
2025/05/08 17:45:45 [notice] 1#1: signal 17 (SIGCHLD) received from 42
2025/05/08 17:45:45 [notice] 1#1: worker process 42 exited with code 0
2025/05/08 17:45:45 [notice] 1#1: signal 29 (SIGIO) received
2025/05/08 17:45:45 [notice] 1#1: signal 17 (SIGCHLD) received from 41
2025/05/08 17:45:45 [notice] 1#1: worker process 41 exited with code 0
2025/05/08 17:45:45 [notice] 1#1: signal 17 (SIGCHLD) received from 33
2025/05/08 17:45:45 [notice] 1#1: worker process 33 exited with code 0
2025/05/08 17:45:45 [notice] 1#1: exit
2025/05/08 17:46:02 [notice] 1#1: using the "epoll" event method
2025/05/08 17:46:02 [notice] 1#1: nginx/1.27.5
2025/05/08 17:46:02 [notice] 1#1: built by gcc 12.2.0 (Debian 12.2.0-14) 
2025/05/08 17:46:02 [notice] 1#1: OS: Linux 6.12.10-76061203-generic
2025/05/08 17:46:02 [notice] 1#1: getrlimit(RLIMIT_NOFILE): 1048576:1048576
2025/05/08 17:46:02 [notice] 1#1: start worker processes
2025/05/08 17:46:02 [notice] 1#1: start worker process 28
2025/05/08 17:46:02 [notice] 1#1: start worker process 29
2025/05/08 17:46:02 [notice] 1#1: start worker process 30
2025/05/08 17:46:02 [notice] 1#1: start worker process 31
2025/05/08 17:46:02 [notice] 1#1: start worker process 32
2025/05/08 17:46:02 [notice] 1#1: start worker process 33
2025/05/08 17:46:02 [notice] 1#1: start worker process 34
2025/05/08 17:46:02 [notice] 1#1: start worker process 35
2025/05/08 17:46:02 [notice] 1#1: start worker process 36
2025/05/08 17:46:02 [notice] 1#1: start worker process 37
2025/05/08 17:46:02 [notice] 1#1: start worker process 38
2025/05/08 17:46:02 [notice] 1#1: start worker process 39
2025/05/08 17:46:02 [notice] 1#1: start worker process 40
2025/05/08 17:46:02 [notice] 1#1: start worker process 41
2025/05/08 17:46:02 [notice] 1#1: start worker process 42
2025/05/08 17:46:02 [notice] 1#1: start worker process 43
